[ 50%] [32mBuilding CXX object CMakeFiles/bully.dir/src/bully.cpp.o[0m
[01m[K/home/rubenb/uni/5_ano/1cuatri/sistemas_distribuidos/practicas/p4/Ruben_Bautista/ros_ws/src/sdc_p4/src/bully.cpp:[m[K In lambda function:
[01m[K/home/rubenb/uni/5_ano/1cuatri/sistemas_distribuidos/practicas/p4/Ruben_Bautista/ros_ws/src/sdc_p4/src/bully.cpp:67:9:[m[K [01;31m[Kerror: [m[Kâ€˜[01m[Ktimer[m[Kâ€™ was not declared in this scope; did you mean â€˜[01m[Ktimex[m[Kâ€™?
   67 |         [01;31m[Ktimer[m[K despuÃ©s de usarlo
      |         [01;31m[K^~~~~[m[K
      |         [32m[Ktimex[m[K
gmake[2]: *** [CMakeFiles/bully.dir/build.make:76: CMakeFiles/bully.dir/src/bully.cpp.o] Error 1
gmake[1]: *** [CMakeFiles/Makefile2:137: CMakeFiles/bully.dir/all] Error 2
gmake: *** [Makefile:146: all] Error 2
