[ 50%] [32mBuilding CXX object CMakeFiles/bully.dir/src/bully.cpp.o[0m
[01m[K/home/rubenb/uni/5_ano/1cuatri/sistemas_distribuidos/practicas/p4/Ruben_Bautista/ros_ws/src/sdc_p4/src/bully.cpp:[m[K In constructor â€˜[01m[Ksdc_p4::BullyNode::[01;32m[KBullyNode[m[K(const rclcpp::NodeOptions&)[m[Kâ€™:
[01m[K/home/rubenb/uni/5_ano/1cuatri/sistemas_distribuidos/practicas/p4/Ruben_Bautista/ros_ws/src/sdc_p4/src/bully.cpp:25:3:[m[K [01;31m[Kerror: [m[Kclass â€˜[01m[Ksdc_p4::BullyNode[m[Kâ€™ does not have any field named â€˜[01m[Kelection_start_time_[m[Kâ€™
   25 |   [01;31m[Kelection_start_time_[m[K(this->now())
      |   [01;31m[K^~~~~~~~~~~~~~~~~~~~[m[K
[01m[K/home/rubenb/uni/5_ano/1cuatri/sistemas_distribuidos/practicas/p4/Ruben_Bautista/ros_ws/src/sdc_p4/src/bully.cpp:[m[K In member function â€˜[01m[Kvoid sdc_p4::BullyNode::[01;32m[Khandle_election_start[m[K(std_msgs::msg::Int32_<std::allocator<void> >::SharedPtr)[m[Kâ€™:
[01m[K/home/rubenb/uni/5_ano/1cuatri/sistemas_distribuidos/practicas/p4/Ruben_Bautista/ros_ws/src/sdc_p4/src/bully.cpp:155:3:[m[K [01;31m[Kerror: [m[Kâ€˜[01m[Kelection_start_time_[m[Kâ€™ was not declared in this scope; did you mean â€˜[01m[Kelection_start_pub_[m[Kâ€™?
  155 |   [01;31m[Kelection_start_time_[m[K = this->now();
      |   [01;31m[K^~~~~~~~~~~~~~~~~~~~[m[K
      |   [32m[Kelection_start_pub_[m[K
gmake[2]: *** [CMakeFiles/bully.dir/build.make:76: CMakeFiles/bully.dir/src/bully.cpp.o] Error 1
gmake[1]: *** [CMakeFiles/Makefile2:137: CMakeFiles/bully.dir/all] Error 2
gmake: *** [Makefile:146: all] Error 2
