[0.032s] Invoking command in '/home/rubenb/uni/5_ano/1cuatri/sistemas_distribuidos/practicas/p4/Ruben_Bautista/ros_ws/build/sdc_p4': CMAKE_PREFIX_PATH=${CMAKE_PREFIX_PATH}:/opt/ros/rolling DEBUGINFOD_URLS=https://debuginfod.ubuntu.com /usr/bin/cmake --build /home/rubenb/uni/5_ano/1cuatri/sistemas_distribuidos/practicas/p4/Ruben_Bautista/ros_ws/build/sdc_p4 -- -j8 -l8
[0.143s] [ 50%] [32mBuilding CXX object CMakeFiles/bully.dir/src/bully.cpp.o[0m
[0.161s] [01m[K/home/rubenb/uni/5_ano/1cuatri/sistemas_distribuidos/practicas/p4/Ruben_Bautista/ros_ws/src/sdc_p4/src/bully.cpp:1:10:[m[K [01;31m[Kfatal error: [m[Ksdc_p4/bully.hpp: No such file or directory
[0.161s]     1 | #include [01;31m[K"sdc_p4/bully.hpp"[m[K
[0.162s]       |          [01;31m[K^~~~~~~~~~~~~~~~~~[m[K
[0.162s] compilation terminated.
[0.171s] gmake[2]: *** [CMakeFiles/bully.dir/build.make:76: CMakeFiles/bully.dir/src/bully.cpp.o] Error 1
[0.171s] gmake[1]: *** [CMakeFiles/Makefile2:137: CMakeFiles/bully.dir/all] Error 2
[0.171s] gmake: *** [Makefile:146: all] Error 2
[0.176s] Invoked command in '/home/rubenb/uni/5_ano/1cuatri/sistemas_distribuidos/practicas/p4/Ruben_Bautista/ros_ws/build/sdc_p4' returned '2': CMAKE_PREFIX_PATH=${CMAKE_PREFIX_PATH}:/opt/ros/rolling DEBUGINFOD_URLS=https://debuginfod.ubuntu.com /usr/bin/cmake --build /home/rubenb/uni/5_ano/1cuatri/sistemas_distribuidos/practicas/p4/Ruben_Bautista/ros_ws/build/sdc_p4 -- -j8 -l8
