[0.032s] Invoking command in '/home/rubenb/uni/5_ano/1cuatri/sistemas_distribuidos/practicas/p4/Ruben_Bautista/ros_ws/build/sdc_p4': CMAKE_PREFIX_PATH=${CMAKE_PREFIX_PATH}:/opt/ros/rolling DEBUGINFOD_URLS=https://debuginfod.ubuntu.com /usr/bin/cmake --build /home/rubenb/uni/5_ano/1cuatri/sistemas_distribuidos/practicas/p4/Ruben_Bautista/ros_ws/build/sdc_p4 -- -j8 -l8
[0.175s] [ 50%] [32mBuilding CXX object CMakeFiles/bully.dir/src/bully.cpp.o[0m
[5.044s] [01m[K/home/rubenb/uni/5_ano/1cuatri/sistemas_distribuidos/practicas/p4/Ruben_Bautista/ros_ws/src/sdc_p4/src/bully.cpp:87:5:[m[K [01;31m[Kerror: [m[Kexpected unqualified-id before â€˜[01m[Kelse[m[Kâ€™
[5.044s]    87 |   } [01;31m[Kelse[m[K {
[5.044s]       |     [01;31m[K^~~~[m[K
[5.045s] [01m[K/home/rubenb/uni/5_ano/1cuatri/sistemas_distribuidos/practicas/p4/Ruben_Bautista/ros_ws/src/sdc_p4/src/bully.cpp:97:6:[m[K [01;31m[Kerror: [m[Kâ€˜[01m[KBullyNode[m[Kâ€™ has not been declared
[5.045s]    97 | void [01;31m[KBullyNode[m[K::change_state(NodeState new_state)
[5.045s]       |      [01;31m[K^~~~~~~~~[m[K
[5.045s] [01m[K/home/rubenb/uni/5_ano/1cuatri/sistemas_distribuidos/practicas/p4/Ruben_Bautista/ros_ws/src/sdc_p4/src/bully.cpp:97:6:[m[K [01;31m[Kerror: [m[Kvariable or field â€˜[01m[Kchange_state[m[Kâ€™ declared void
[5.055s] [01m[K/home/rubenb/uni/5_ano/1cuatri/sistemas_distribuidos/practicas/p4/Ruben_Bautista/ros_ws/src/sdc_p4/src/bully.cpp:97:30:[m[K [01;31m[Kerror: [m[Kâ€˜[01m[KNodeState[m[Kâ€™ was not declared in this scope
[5.055s]    97 | void BullyNode::change_state([01;31m[KNodeState[m[K new_state)
[5.055s]       |                              [01;31m[K^~~~~~~~~[m[K
[5.055s] [01m[K/home/rubenb/uni/5_ano/1cuatri/sistemas_distribuidos/practicas/p4/Ruben_Bautista/ros_ws/src/sdc_p4/src/bully.cpp:103:13:[m[K [01;31m[Kerror: [m[Kâ€˜[01m[KBullyNode[m[Kâ€™ has not been declared
[5.055s]   103 | std::string [01;31m[KBullyNode[m[K::state_to_string(NodeState state)
[5.055s]       |             [01;31m[K^~~~~~~~~[m[K
[5.065s] [01m[K/home/rubenb/uni/5_ano/1cuatri/sistemas_distribuidos/practicas/p4/Ruben_Bautista/ros_ws/src/sdc_p4/src/bully.cpp:103:40:[m[K [01;31m[Kerror: [m[Kâ€˜[01m[KNodeState[m[Kâ€™ was not declared in this scope
[5.066s]   103 | std::string BullyNode::state_to_string([01;31m[KNodeState[m[K state)
[5.066s]       |                                        [01;31m[K^~~~~~~~~[m[K
[5.066s] [01m[K/home/rubenb/uni/5_ano/1cuatri/sistemas_distribuidos/practicas/p4/Ruben_Bautista/ros_ws/src/sdc_p4/src/bully.cpp:104:1:[m[K [01;31m[Kerror: [m[Kexpected â€˜[01m[K,[m[Kâ€™ or â€˜[01m[K;[m[Kâ€™ before â€˜[01m[K{[m[Kâ€™ token
[5.066s]   104 | [01;31m[K{[m[K
[5.067s]       | [01;31m[K^[m[K
[5.067s] [01m[K/home/rubenb/uni/5_ano/1cuatri/sistemas_distribuidos/practicas/p4/Ruben_Bautista/ros_ws/src/sdc_p4/src/bully.cpp:113:8:[m[K [01;31m[Kerror: [m[Kâ€˜[01m[KBullyNode[m[Kâ€™ has not been declared
[5.067s]   113 | double [01;31m[KBullyNode[m[K::get_current_epoch()
[5.067s]       |        [01;31m[K^~~~~~~~~[m[K
[5.068s] [01m[K/home/rubenb/uni/5_ano/1cuatri/sistemas_distribuidos/practicas/p4/Ruben_Bautista/ros_ws/src/sdc_p4/src/bully.cpp:[m[K In function â€˜[01m[Kdouble[01;32m[K get_current_epoch[m[K()[m[Kâ€™:
[5.068s] [01m[K/home/rubenb/uni/5_ano/1cuatri/sistemas_distribuidos/practicas/p4/Ruben_Bautista/ros_ws/src/sdc_p4/src/bully.cpp:115:14:[m[K [01;31m[Kerror: [m[Kinvalid use of â€˜[01m[Kthis[m[Kâ€™ in non-member function
[5.068s]   115 |   auto now = [01;31m[Kthis[m[K->now();
[5.068s]       |              [01;31m[K^~~~[m[K
[5.069s] [01m[K/home/rubenb/uni/5_ano/1cuatri/sistemas_distribuidos/practicas/p4/Ruben_Bautista/ros_ws/src/sdc_p4/src/bully.cpp:[m[K At global scope:
[5.069s] [01m[K/home/rubenb/uni/5_ano/1cuatri/sistemas_distribuidos/practicas/p4/Ruben_Bautista/ros_ws/src/sdc_p4/src/bully.cpp:119:6:[m[K [01;31m[Kerror: [m[Kâ€˜[01m[KBullyNode[m[Kâ€™ has not been declared
[5.069s]   119 | void [01;31m[KBullyNode[m[K::heartbeat_callback()
[5.069s]       |      [01;31m[K^~~~~~~~~[m[K
[5.077s] [01m[K/home/rubenb/uni/5_ano/1cuatri/sistemas_distribuidos/practicas/p4/Ruben_Bautista/ros_ws/src/sdc_p4/src/bully.cpp:[m[K In function â€˜[01m[Kvoid[01;32m[K heartbeat_callback[m[K()[m[Kâ€™:
[5.078s] [01m[K/home/rubenb/uni/5_ano/1cuatri/sistemas_distribuidos/practicas/p4/Ruben_Bautista/ros_ws/src/sdc_p4/src/bully.cpp:121:7:[m[K [01;31m[Kerror: [m[Kâ€˜[01m[Kcurrent_state_[m[Kâ€™ was not declared in this scope
[5.078s]   121 |   if ([01;31m[Kcurrent_state_[m[K != NodeState::LEADER) {
[5.078s]       |       [01;31m[K^~~~~~~~~~~~~~[m[K
[5.078s] [01m[K/home/rubenb/uni/5_ano/1cuatri/sistemas_distribuidos/practicas/p4/Ruben_Bautista/ros_ws/src/sdc_p4/src/bully.cpp:121:25:[m[K [01;31m[Kerror: [m[Kâ€˜[01m[KNodeState[m[Kâ€™ has not been declared
[5.079s]   121 |   if (current_state_ != [01;31m[KNodeState[m[K::LEADER) {
[5.079s]       |                         [01;31m[K^~~~~~~~~[m[K
[5.090s] [01m[K/home/rubenb/uni/5_ano/1cuatri/sistemas_distribuidos/practicas/p4/Ruben_Bautista/ros_ws/src/sdc_p4/src/bully.cpp:127:3:[m[K [01;31m[Kerror: [m[Kâ€˜[01m[Kheartbeat_pub_[m[Kâ€™ was not declared in this scope
[5.091s]   127 |   [01;31m[Kheartbeat_pub_[m[K->publish(msg);
[5.091s]       |   [01;31m[K^~~~~~~~~~~~~~[m[K
[5.092s] In file included from [01m[K/opt/ros/rolling/include/rclcpp/rclcpp/copy_all_parameter_values.hpp:27[m[K,
[5.092s]                  from [01m[K/opt/ros/rolling/include/rclcpp/rclcpp/rclcpp.hpp:171[m[K,
[5.092s]                  from [01m[K/home/rubenb/uni/5_ano/1cuatri/sistemas_distribuidos/practicas/p4/Ruben_Bautista/ros_ws/src/sdc_p4/include/sdc_p4/bully.hpp:4[m[K,
[5.092s]                  from [01m[K/home/rubenb/uni/5_ano/1cuatri/sistemas_distribuidos/practicas/p4/Ruben_Bautista/ros_ws/src/sdc_p4/src/bully.cpp:6[m[K:
[5.093s] [01m[K/home/rubenb/uni/5_ano/1cuatri/sistemas_distribuidos/practicas/p4/Ruben_Bautista/ros_ws/src/sdc_p4/src/bully.cpp:129:15:[m[K [01;31m[Kerror: [m[Kâ€˜[01m[Kget_logger[m[Kâ€™ was not declared in this scope; did you mean â€˜[01m[Krclcpp::get_logger[m[Kâ€™?
[5.093s]   129 |   RCLCPP_INFO([01;31m[Kget_logger[m[K(), "[%s] Sending heartbeat", role_str_.c_str());
[5.093s]       |               [01;31m[K^~~~~~~~~~[m[K
[5.093s] In file included from [01m[K/opt/ros/rolling/include/rclcpp/rclcpp/copy_all_parameter_values.hpp:26[m[K:
[5.094s] [01m[K/opt/ros/rolling/include/rclcpp/rclcpp/logger.hpp:136:17:[m[K [01;36m[Knote: [m[Kâ€˜[01m[Krclcpp::get_logger[m[Kâ€™ declared here
[5.094s]   136 |   friend Logger [01;36m[Krclcpp[m[K::get_logger(const std::string & name);
[5.094s]       |                 [01;36m[K^~~~~~[m[K
[5.094s] [01m[K/home/rubenb/uni/5_ano/1cuatri/sistemas_distribuidos/practicas/p4/Ruben_Bautista/ros_ws/src/sdc_p4/src/bully.cpp:129:3:[m[K [01;31m[Kerror: [m[Ktemplate argument 1 is invalid
[5.095s]   129 |   [01;31m[KRCLCPP_INFO[m[K(get_logger(), "[%s] Sending heartbeat", role_str_.c_str());
[5.095s]       |   [01;31m[K^~~~~~~~~~~[m[K
[5.095s] [01m[K/home/rubenb/uni/5_ano/1cuatri/sistemas_distribuidos/practicas/p4/Ruben_Bautista/ros_ws/src/sdc_p4/src/bully.cpp:129:3:[m[K [01;31m[Kerror: [m[Ktemplate argument 1 is invalid
[5.095s]   129 |   [01;31m[KRCLCPP_INFO[m[K(get_logger(), "[%s] Sending heartbeat", role_str_.c_str());
[5.096s]       |   [01;31m[K^~~~~~~~~~~[m[K
[5.096s] [01m[K/home/rubenb/uni/5_ano/1cuatri/sistemas_distribuidos/practicas/p4/Ruben_Bautista/ros_ws/src/sdc_p4/src/bully.cpp:129:3:[m[K [01;31m[Kerror: [m[Ktemplate argument 1 is invalid
[5.096s]   129 |   [01;31m[KRCLCPP_INFO[m[K(get_logger(), "[%s] Sending heartbeat", role_str_.c_str());
[5.096s]       |   [01;31m[K^~~~~~~~~~~[m[K
[5.102s] In file included from [01m[K/opt/ros/rolling/include/rclcpp/rclcpp/logging.hpp:24[m[K:
[5.103s] [01m[K/home/rubenb/uni/5_ano/1cuatri/sistemas_distribuidos/practicas/p4/Ruben_Bautista/ros_ws/src/sdc_p4/src/bully.cpp:129:55:[m[K [01;31m[Kerror: [m[Kâ€˜[01m[Krole_str_[m[Kâ€™ was not declared in this scope
[5.103s]   129 |   RCLCPP_INFO(get_logger(), "[%s] Sending heartbeat", [01;31m[Krole_str_[m[K.c_str());
[5.103s]       |                                                       [01;31m[K^~~~~~~~~[m[K
[5.104s] [01m[K/home/rubenb/uni/5_ano/1cuatri/sistemas_distribuidos/practicas/p4/Ruben_Bautista/ros_ws/src/sdc_p4/src/bully.cpp:[m[K At global scope:
[5.104s] [01m[K/home/rubenb/uni/5_ano/1cuatri/sistemas_distribuidos/practicas/p4/Ruben_Bautista/ros_ws/src/sdc_p4/src/bully.cpp:132:6:[m[K [01;31m[Kerror: [m[Kâ€˜[01m[KBullyNode[m[Kâ€™ has not been declared
[5.104s]   132 | void [01;31m[KBullyNode[m[K::timeout_callback()
[5.104s]       |      [01;31m[K^~~~~~~~~[m[K
[5.116s] [01m[K/home/rubenb/uni/5_ano/1cuatri/sistemas_distribuidos/practicas/p4/Ruben_Bautista/ros_ws/src/sdc_p4/src/bully.cpp:[m[K In function â€˜[01m[Kvoid[01;32m[K timeout_callback[m[K()[m[Kâ€™:
[5.116s] [01m[K/home/rubenb/uni/5_ano/1cuatri/sistemas_distribuidos/practicas/p4/Ruben_Bautista/ros_ws/src/sdc_p4/src/bully.cpp:134:7:[m[K [01;31m[Kerror: [m[Kâ€˜[01m[Kcurrent_state_[m[Kâ€™ was not declared in this scope
[5.116s]   134 |   if ([01;31m[Kcurrent_state_[m[K != NodeState::FOLLOWER) {
[5.117s]       |       [01;31m[K^~~~~~~~~~~~~~[m[K
[5.117s] [01m[K/home/rubenb/uni/5_ano/1cuatri/sistemas_distribuidos/practicas/p4/Ruben_Bautista/ros_ws/src/sdc_p4/src/bully.cpp:134:25:[m[K [01;31m[Kerror: [m[Kâ€˜[01m[KNodeState[m[Kâ€™ has not been declared
[5.117s]   134 |   if (current_state_ != [01;31m[KNodeState[m[K::FOLLOWER) {
[5.117s]       |                         [01;31m[K^~~~~~~~~[m[K
[5.124s] [01m[K/home/rubenb/uni/5_ano/1cuatri/sistemas_distribuidos/practicas/p4/Ruben_Bautista/ros_ws/src/sdc_p4/src/bully.cpp:138:31:[m[K [01;31m[Kerror: [m[Kâ€˜[01m[Know[m[Kâ€™ was not declared in this scope; did you mean â€˜[01m[Kpow[m[Kâ€™?
[5.124s]   138 |   rclcpp::Time current_time = [01;31m[Know[m[K();
[5.124s]       |                               [01;31m[K^~~[m[K
[5.124s]       |                               [32m[Kpow[m[K
[5.140s] [01m[K/home/rubenb/uni/5_ano/1cuatri/sistemas_distribuidos/practicas/p4/Ruben_Bautista/ros_ws/src/sdc_p4/src/bully.cpp:139:54:[m[K [01;31m[Kerror: [m[Kâ€˜[01m[Klast_heartbeat_time_[m[Kâ€™ was not declared in this scope
[5.141s]   139 |   double time_since_last_heartbeat = (current_time - [01;31m[Klast_heartbeat_time_[m[K).seconds();
[5.141s]       |                                                      [01;31m[K^~~~~~~~~~~~~~~~~~~~[m[K
[5.155s] [01m[K/home/rubenb/uni/5_ano/1cuatri/sistemas_distribuidos/practicas/p4/Ruben_Bautista/ros_ws/src/sdc_p4/src/bully.cpp:141:42:[m[K [01;31m[Kerror: [m[Kâ€˜[01m[KHEARTBEAT_TIMEOUT[m[Kâ€™ was not declared in this scope
[5.155s]   141 |   if (time_since_last_heartbeat * 1000 > [01;31m[KHEARTBEAT_TIMEOUT[m[K) {
[5.155s]       |                                          [01;31m[K^~~~~~~~~~~~~~~~~[m[K
[5.156s] [01m[K/home/rubenb/uni/5_ano/1cuatri/sistemas_distribuidos/practicas/p4/Ruben_Bautista/ros_ws/src/sdc_p4/src/bully.cpp:142:17:[m[K [01;31m[Kerror: [m[Kâ€˜[01m[Kget_logger[m[Kâ€™ was not declared in this scope; did you mean â€˜[01m[Krclcpp::get_logger[m[Kâ€™?
[5.156s]   142 |     RCLCPP_WARN([01;31m[Kget_logger[m[K(), "[%s] No heartbeat received in the last %.0f seconds!",
[5.156s]       |                 [01;31m[K^~~~~~~~~~[m[K
[5.157s] [01m[K/opt/ros/rolling/include/rclcpp/rclcpp/logger.hpp:136:17:[m[K [01;36m[Knote: [m[Kâ€˜[01m[Krclcpp::get_logger[m[Kâ€™ declared here
[5.157s]   136 |   friend Logger [01;36m[Krclcpp[m[K::get_logger(const std::string & name);
[5.157s]       |                 [01;36m[K^~~~~~[m[K
[5.157s] [01m[K/home/rubenb/uni/5_ano/1cuatri/sistemas_distribuidos/practicas/p4/Ruben_Bautista/ros_ws/src/sdc_p4/src/bully.cpp:142:5:[m[K [01;31m[Kerror: [m[Ktemplate argument 1 is invalid
[5.157s]   142 |     [01;31m[KRCLCPP_WARN[m[K(get_logger(), "[%s] No heartbeat received in the last %.0f seconds!",
[5.158s]       |     [01;31m[K^~~~~~~~~~~[m[K
[5.158s] [01m[K/home/rubenb/uni/5_ano/1cuatri/sistemas_distribuidos/practicas/p4/Ruben_Bautista/ros_ws/src/sdc_p4/src/bully.cpp:142:5:[m[K [01;31m[Kerror: [m[Ktemplate argument 1 is invalid
[5.158s]   142 |     [01;31m[KRCLCPP_WARN[m[K(get_logger(), "[%s] No heartbeat received in the last %.0f seconds!",
[5.158s]       |     [01;31m[K^~~~~~~~~~~[m[K
[5.158s] [01m[K/home/rubenb/uni/5_ano/1cuatri/sistemas_distribuidos/practicas/p4/Ruben_Bautista/ros_ws/src/sdc_p4/src/bully.cpp:142:5:[m[K [01;31m[Kerror: [m[Ktemplate argument 1 is invalid
[5.159s]   142 |     [01;31m[KRCLCPP_WARN[m[K(get_logger(), "[%s] No heartbeat received in the last %.0f seconds!",
[5.159s]       |     [01;31m[K^~~~~~~~~~~[m[K
[5.165s] [01m[K/home/rubenb/uni/5_ano/1cuatri/sistemas_distribuidos/practicas/p4/Ruben_Bautista/ros_ws/src/sdc_p4/src/bully.cpp:143:17:[m[K [01;31m[Kerror: [m[Kâ€˜[01m[Krole_str_[m[Kâ€™ was not declared in this scope
[5.166s]   143 |                 [01;31m[Krole_str_[m[K.c_str(), time_since_last_heartbeat);
[5.166s]       |                 [01;31m[K^~~~~~~~~[m[K
[5.176s] [01m[K/home/rubenb/uni/5_ano/1cuatri/sistemas_distribuidos/practicas/p4/Ruben_Bautista/ros_ws/src/sdc_p4/src/bully.cpp:145:5:[m[K [01;31m[Kerror: [m[Kâ€˜[01m[Kstart_election[m[Kâ€™ was not declared in this scope
[5.177s]   145 |     [01;31m[Kstart_election[m[K();
[5.177s]       |     [01;31m[K^~~~~~~~~~~~~~[m[K
[5.177s] [01m[K/home/rubenb/uni/5_ano/1cuatri/sistemas_distribuidos/practicas/p4/Ruben_Bautista/ros_ws/src/sdc_p4/src/bully.cpp:[m[K At global scope:
[5.177s] [01m[K/home/rubenb/uni/5_ano/1cuatri/sistemas_distribuidos/practicas/p4/Ruben_Bautista/ros_ws/src/sdc_p4/src/bully.cpp:149:6:[m[K [01;31m[Kerror: [m[Kâ€˜[01m[KBullyNode[m[Kâ€™ has not been declared
[5.178s]   149 | void [01;31m[KBullyNode[m[K::handle_heartbeat(const std_msgs::msg::Float64::SharedPtr msg)
[5.178s]       |      [01;31m[K^~~~~~~~~[m[K
[5.191s] [01m[K/home/rubenb/uni/5_ano/1cuatri/sistemas_distribuidos/practicas/p4/Ruben_Bautista/ros_ws/src/sdc_p4/src/bully.cpp:[m[K In function â€˜[01m[Kvoid[01;32m[K handle_heartbeat[m[K(std_msgs::msg::Float64_<std::allocator<void> >::SharedPtr)[m[Kâ€™:
[5.191s] [01m[K/home/rubenb/uni/5_ano/1cuatri/sistemas_distribuidos/practicas/p4/Ruben_Bautista/ros_ws/src/sdc_p4/src/bully.cpp:151:7:[m[K [01;31m[Kerror: [m[Kâ€˜[01m[Kcurrent_state_[m[Kâ€™ was not declared in this scope
[5.191s]   151 |   if ([01;31m[Kcurrent_state_[m[K == NodeState::ELECTION) {
[5.192s]       |       [01;31m[K^~~~~~~~~~~~~~[m[K
[5.192s] [01m[K/home/rubenb/uni/5_ano/1cuatri/sistemas_distribuidos/practicas/p4/Ruben_Bautista/ros_ws/src/sdc_p4/src/bully.cpp:151:25:[m[K [01;31m[Kerror: [m[Kâ€˜[01m[KNodeState[m[Kâ€™ has not been declared
[5.192s]   151 |   if (current_state_ == [01;31m[KNodeState[m[K::ELECTION) {
[5.192s]       |                         [01;31m[K^~~~~~~~~[m[K
[5.206s] [01m[K/home/rubenb/uni/5_ano/1cuatri/sistemas_distribuidos/practicas/p4/Ruben_Bautista/ros_ws/src/sdc_p4/src/bully.cpp:155:3:[m[K [01;31m[Kerror: [m[Kâ€˜[01m[Klast_heartbeat_time_[m[Kâ€™ was not declared in this scope
[5.206s]   155 |   [01;31m[Klast_heartbeat_time_[m[K = now();
[5.206s]       |   [01;31m[K^~~~~~~~~~~~~~~~~~~~[m[K
[5.212s] [01m[K/home/rubenb/uni/5_ano/1cuatri/sistemas_distribuidos/practicas/p4/Ruben_Bautista/ros_ws/src/sdc_p4/src/bully.cpp:155:26:[m[K [01;31m[Kerror: [m[Kâ€˜[01m[Know[m[Kâ€™ was not declared in this scope; did you mean â€˜[01m[Kpow[m[Kâ€™?
[5.212s]   155 |   last_heartbeat_time_ = [01;31m[Know[m[K();
[5.212s]       |                          [01;31m[K^~~[m[K
[5.213s]       |                          [32m[Kpow[m[K
[5.222s] [01m[K/home/rubenb/uni/5_ano/1cuatri/sistemas_distribuidos/practicas/p4/Ruben_Bautista/ros_ws/src/sdc_p4/src/bully.cpp:157:7:[m[K [01;31m[Kerror: [m[Kâ€˜[01m[Kcurrent_state_[m[Kâ€™ was not declared in this scope
[5.222s]   157 |   if ([01;31m[Kcurrent_state_[m[K == NodeState::FOLLOWER) {
[5.223s]       |       [01;31m[K^~~~~~~~~~~~~~[m[K
[5.223s] [01m[K/home/rubenb/uni/5_ano/1cuatri/sistemas_distribuidos/practicas/p4/Ruben_Bautista/ros_ws/src/sdc_p4/src/bully.cpp:157:25:[m[K [01;31m[Kerror: [m[Kâ€˜[01m[KNodeState[m[Kâ€™ has not been declared
[5.223s]   157 |   if (current_state_ == [01;31m[KNodeState[m[K::FOLLOWER) {
[5.224s]       |                         [01;31m[K^~~~~~~~~[m[K
[5.224s] [01m[K/home/rubenb/uni/5_ano/1cuatri/sistemas_distribuidos/practicas/p4/Ruben_Bautista/ros_ws/src/sdc_p4/src/bully.cpp:158:17:[m[K [01;31m[Kerror: [m[Kâ€˜[01m[Kget_logger[m[Kâ€™ was not declared in this scope; did you mean â€˜[01m[Krclcpp::get_logger[m[Kâ€™?
[5.224s]   158 |     RCLCPP_INFO([01;31m[Kget_logger[m[K(), "[%s] Received heartbeat", role_str_.c_str());
[5.224s]       |                 [01;31m[K^~~~~~~~~~[m[K
[5.224s] [01m[K/opt/ros/rolling/include/rclcpp/rclcpp/logger.hpp:136:17:[m[K [01;36m[Knote: [m[Kâ€˜[01m[Krclcpp::get_logger[m[Kâ€™ declared here
[5.225s]   136 |   friend Logger [01;36m[Krclcpp[m[K::get_logger(const std::string & name);
[5.225s]       |                 [01;36m[K^~~~~~[m[K
[5.225s] [01m[K/home/rubenb/uni/5_ano/1cuatri/sistemas_distribuidos/practicas/p4/Ruben_Bautista/ros_ws/src/sdc_p4/src/bully.cpp:158:5:[m[K [01;31m[Kerror: [m[Ktemplate argument 1 is invalid
[5.225s]   158 |     [01;31m[KRCLCPP_INFO[m[K(get_logger(), "[%s] Received heartbeat", role_str_.c_str());
[5.226s]       |     [01;31m[K^~~~~~~~~~~[m[K
[5.226s] [01m[K/home/rubenb/uni/5_ano/1cuatri/sistemas_distribuidos/practicas/p4/Ruben_Bautista/ros_ws/src/sdc_p4/src/bully.cpp:158:5:[m[K [01;31m[Kerror: [m[Ktemplate argument 1 is invalid
[5.226s]   158 |     [01;31m[KRCLCPP_INFO[m[K(get_logger(), "[%s] Received heartbeat", role_str_.c_str());
[5.226s]       |     [01;31m[K^~~~~~~~~~~[m[K
[5.226s] [01m[K/home/rubenb/uni/5_ano/1cuatri/sistemas_distribuidos/practicas/p4/Ruben_Bautista/ros_ws/src/sdc_p4/src/bully.cpp:158:5:[m[K [01;31m[Kerror: [m[Ktemplate argument 1 is invalid
[5.227s]   158 |     [01;31m[KRCLCPP_INFO[m[K(get_logger(), "[%s] Received heartbeat", role_str_.c_str());
[5.227s]       |     [01;31m[K^~~~~~~~~~~[m[K
[5.233s] [01m[K/home/rubenb/uni/5_ano/1cuatri/sistemas_distribuidos/practicas/p4/Ruben_Bautista/ros_ws/src/sdc_p4/src/bully.cpp:158:58:[m[K [01;31m[Kerror: [m[Kâ€˜[01m[Krole_str_[m[Kâ€™ was not declared in this scope
[5.233s]   158 |     RCLCPP_INFO(get_logger(), "[%s] Received heartbeat", [01;31m[Krole_str_[m[K.c_str());
[5.234s]       |                                                          [01;31m[K^~~~~~~~~[m[K
[5.234s] [01m[K/home/rubenb/uni/5_ano/1cuatri/sistemas_distribuidos/practicas/p4/Ruben_Bautista/ros_ws/src/sdc_p4/src/bully.cpp:[m[K At global scope:
[5.234s] [01m[K/home/rubenb/uni/5_ano/1cuatri/sistemas_distribuidos/practicas/p4/Ruben_Bautista/ros_ws/src/sdc_p4/src/bully.cpp:162:6:[m[K [01;31m[Kerror: [m[Kâ€˜[01m[KBullyNode[m[Kâ€™ has not been declared
[5.235s]   162 | void [01;31m[KBullyNode[m[K::handle_election_start(const std_msgs::msg::Int32::SharedPtr msg)
[5.235s]       |      [01;31m[K^~~~~~~~~[m[K
[5.254s] [01m[K/home/rubenb/uni/5_ano/1cuatri/sistemas_distribuidos/practicas/p4/Ruben_Bautista/ros_ws/src/sdc_p4/src/bully.cpp:[m[K In function â€˜[01m[Kvoid[01;32m[K handle_election_start[m[K(std_msgs::msg::Int32_<std::allocator<void> >::SharedPtr)[m[Kâ€™:
[5.255s] [01m[K/home/rubenb/uni/5_ano/1cuatri/sistemas_distribuidos/practicas/p4/Ruben_Bautista/ros_ws/src/sdc_p4/src/bully.cpp:165:7:[m[K [01;31m[Kerror: [m[Kâ€˜[01m[Kelection_in_progress_[m[Kâ€™ was not declared in this scope
[5.255s]   165 |   if ([01;31m[Kelection_in_progress_[m[K) {
[5.255s]       |       [01;31m[K^~~~~~~~~~~~~~~~~~~~~[m[K
[5.270s] [01m[K/home/rubenb/uni/5_ano/1cuatri/sistemas_distribuidos/practicas/p4/Ruben_Bautista/ros_ws/src/sdc_p4/src/bully.cpp:169:3:[m[K [01;31m[Kerror: [m[Kâ€˜[01m[Kelection_start_time_[m[Kâ€™ was not declared in this scope
[5.270s]   169 |   [01;31m[Kelection_start_time_[m[K = this->now();
[5.271s]       |   [01;31m[K^~~~~~~~~~~~~~~~~~~~[m[K
[5.271s] [01m[K/home/rubenb/uni/5_ano/1cuatri/sistemas_distribuidos/practicas/p4/Ruben_Bautista/ros_ws/src/sdc_p4/src/bully.cpp:169:26:[m[K [01;31m[Kerror: [m[Kinvalid use of â€˜[01m[Kthis[m[Kâ€™ in non-member function
[5.271s]   169 |   election_start_time_ = [01;31m[Kthis[m[K->now();
[5.271s]       |                          [01;31m[K^~~~[m[K
[5.286s] [01m[K/home/rubenb/uni/5_ano/1cuatri/sistemas_distribuidos/practicas/p4/Ruben_Bautista/ros_ws/src/sdc_p4/src/bully.cpp:170:3:[m[K [01;31m[Kerror: [m[Kâ€˜[01m[Kelection_in_progress_[m[Kâ€™ was not declared in this scope
[5.286s]   170 |   [01;31m[Kelection_in_progress_[m[K = true;
[5.286s]       |   [01;31m[K^~~~~~~~~~~~~~~~~~~~~[m[K
[5.287s] [01m[K/home/rubenb/uni/5_ano/1cuatri/sistemas_distribuidos/practicas/p4/Ruben_Bautista/ros_ws/src/sdc_p4/src/bully.cpp:171:16:[m[K [01;31m[Kerror: [m[Kâ€˜[01m[KNodeState[m[Kâ€™ has not been declared
[5.287s]   171 |   change_state([01;31m[KNodeState[m[K::ELECTION);
[5.287s]       |                [01;31m[K^~~~~~~~~[m[K
[5.295s] [01m[K/home/rubenb/uni/5_ano/1cuatri/sistemas_distribuidos/practicas/p4/Ruben_Bautista/ros_ws/src/sdc_p4/src/bully.cpp:171:3:[m[K [01;31m[Kerror: [m[Kâ€˜[01m[Kchange_state[m[Kâ€™ was not declared in this scope
[5.296s]   171 |   [01;31m[Kchange_state[m[K(NodeState::ELECTION);
[5.296s]       |   [01;31m[K^~~~~~~~~~~~[m[K
[5.296s] [01m[K/home/rubenb/uni/5_ano/1cuatri/sistemas_distribuidos/practicas/p4/Ruben_Bautista/ros_ws/src/sdc_p4/src/bully.cpp:173:15:[m[K [01;31m[Kerror: [m[Kâ€˜[01m[Kget_logger[m[Kâ€™ was not declared in this scope; did you mean â€˜[01m[Krclcpp::get_logger[m[Kâ€™?
[5.297s]   173 |   RCLCPP_INFO([01;31m[Kget_logger[m[K(), "[%s] Received message for starting the election",
[5.297s]       |               [01;31m[K^~~~~~~~~~[m[K
[5.297s] [01m[K/opt/ros/rolling/include/rclcpp/rclcpp/logger.hpp:136:17:[m[K [01;36m[Knote: [m[Kâ€˜[01m[Krclcpp::get_logger[m[Kâ€™ declared here
[5.297s]   136 |   friend Logger [01;36m[Krclcpp[m[K::get_logger(const std::string & name);
[5.298s]       |                 [01;36m[K^~~~~~[m[K
[5.298s] [01m[K/home/rubenb/uni/5_ano/1cuatri/sistemas_distribuidos/practicas/p4/Ruben_Bautista/ros_ws/src/sdc_p4/src/bully.cpp:173:3:[m[K [01;31m[Kerror: [m[Ktemplate argument 1 is invalid
[5.298s]   173 |   [01;31m[KRCLCPP_INFO[m[K(get_logger(), "[%s] Received message for starting the election",
[5.298s]       |   [01;31m[K^~~~~~~~~~~[m[K
[5.298s] [01m[K/home/rubenb/uni/5_ano/1cuatri/sistemas_distribuidos/practicas/p4/Ruben_Bautista/ros_ws/src/sdc_p4/src/bully.cpp:173:3:[m[K [01;31m[Kerror: [m[Ktemplate argument 1 is invalid
[5.299s]   173 |   [01;31m[KRCLCPP_INFO[m[K(get_logger(), "[%s] Received message for starting the election",
[5.299s]       |   [01;31m[K^~~~~~~~~~~[m[K
[5.299s] [01m[K/home/rubenb/uni/5_ano/1cuatri/sistemas_distribuidos/practicas/p4/Ruben_Bautista/ros_ws/src/sdc_p4/src/bully.cpp:173:3:[m[K [01;31m[Kerror: [m[Ktemplate argument 1 is invalid
[5.299s]   173 |   [01;31m[KRCLCPP_INFO[m[K(get_logger(), "[%s] Received message for starting the election",
[5.299s]       |   [01;31m[K^~~~~~~~~~~[m[K
[5.306s] [01m[K/home/rubenb/uni/5_ano/1cuatri/sistemas_distribuidos/practicas/p4/Ruben_Bautista/ros_ws/src/sdc_p4/src/bully.cpp:174:15:[m[K [01;31m[Kerror: [m[Kâ€˜[01m[Krole_str_[m[Kâ€™ was not declared in this scope
[5.306s]   174 |               [01;31m[Krole_str_[m[K.c_str());
[5.306s]       |               [01;31m[K^~~~~~~~~[m[K
[5.315s] [01m[K/home/rubenb/uni/5_ano/1cuatri/sistemas_distribuidos/practicas/p4/Ruben_Bautista/ros_ws/src/sdc_p4/src/bully.cpp:177:3:[m[K [01;31m[Kerror: [m[Kâ€˜[01m[Kcandidates_[m[Kâ€™ was not declared in this scope
[5.315s]   177 |   [01;31m[Kcandidates_[m[K.clear();
[5.315s]       |   [01;31m[K^~~~~~~~~~~[m[K
[5.332s] [01m[K/home/rubenb/uni/5_ano/1cuatri/sistemas_distribuidos/practicas/p4/Ruben_Bautista/ros_ws/src/sdc_p4/src/bully.cpp:178:3:[m[K [01;31m[Kerror: [m[Kâ€˜[01m[Khighest_candidate_pid_[m[Kâ€™ was not declared in this scope
[5.332s]   178 |   [01;31m[Khighest_candidate_pid_[m[K = -1;
[5.332s]       |   [01;31m[K^~~~~~~~~~~~~~~~~~~~~~[m[K
[5.343s] [01m[K/home/rubenb/uni/5_ano/1cuatri/sistemas_distribuidos/practicas/p4/Ruben_Bautista/ros_ws/src/sdc_p4/src/bully.cpp:181:7:[m[K [01;31m[Kerror: [m[Kâ€˜[01m[Ktimeout_timer_[m[Kâ€™ was not declared in this scope
[5.343s]   181 |   if ([01;31m[Ktimeout_timer_[m[K) {
[5.343s]       |       [01;31m[K^~~~~~~~~~~~~~[m[K
[5.355s] [01m[K/home/rubenb/uni/5_ano/1cuatri/sistemas_distribuidos/practicas/p4/Ruben_Bautista/ros_ws/src/sdc_p4/src/bully.cpp:185:7:[m[K [01;31m[Kerror: [m[Kâ€˜[01m[Kheartbeat_timer_[m[Kâ€™ was not declared in this scope
[5.356s]   185 |   if ([01;31m[Kheartbeat_timer_[m[K) {
[5.356s]       |       [01;31m[K^~~~~~~~~~~~~~~~[m[K
[5.362s] [01m[K/home/rubenb/uni/5_ano/1cuatri/sistemas_distribuidos/practicas/p4/Ruben_Bautista/ros_ws/src/sdc_p4/src/bully.cpp:191:24:[m[K [01;31m[Kerror: [m[Kâ€˜[01m[Kpid_[m[Kâ€™ was not declared in this scope; did you mean â€˜[01m[Kpid_t[m[Kâ€™?
[5.362s]   191 |   candidate_msg.data = [01;31m[Kpid_[m[K;
[5.362s]       |                        [01;31m[K^~~~[m[K
[5.362s]       |                        [32m[Kpid_t[m[K
[5.371s] [01m[K/home/rubenb/uni/5_ano/1cuatri/sistemas_distribuidos/practicas/p4/Ruben_Bautista/ros_ws/src/sdc_p4/src/bully.cpp:192:3:[m[K [01;31m[Kerror: [m[Kâ€˜[01m[Kcandidates_pub_[m[Kâ€™ was not declared in this scope; did you mean â€˜[01m[Kcandidate_msg[m[Kâ€™?
[5.371s]   192 |   [01;31m[Kcandidates_pub_[m[K->publish(candidate_msg);
[5.372s]       |   [01;31m[K^~~~~~~~~~~~~~~[m[K
[5.372s]       |   [32m[Kcandidate_msg[m[K
[5.372s] [01m[K/home/rubenb/uni/5_ano/1cuatri/sistemas_distribuidos/practicas/p4/Ruben_Bautista/ros_ws/src/sdc_p4/src/bully.cpp:194:15:[m[K [01;31m[Kerror: [m[Kâ€˜[01m[Kget_logger[m[Kâ€™ was not declared in this scope; did you mean â€˜[01m[Krclcpp::get_logger[m[Kâ€™?
[5.373s]   194 |   RCLCPP_INFO([01;31m[Kget_logger[m[K(), "[%s] Sending my PID for leader election: %d",
[5.373s]       |               [01;31m[K^~~~~~~~~~[m[K
[5.373s] [01m[K/opt/ros/rolling/include/rclcpp/rclcpp/logger.hpp:136:17:[m[K [01;36m[Knote: [m[Kâ€˜[01m[Krclcpp::get_logger[m[Kâ€™ declared here
[5.373s]   136 |   friend Logger [01;36m[Krclcpp[m[K::get_logger(const std::string & name);
[5.374s]       |                 [01;36m[K^~~~~~[m[K
[5.374s] [01m[K/home/rubenb/uni/5_ano/1cuatri/sistemas_distribuidos/practicas/p4/Ruben_Bautista/ros_ws/src/sdc_p4/src/bully.cpp:194:3:[m[K [01;31m[Kerror: [m[Ktemplate argument 1 is invalid
[5.374s]   194 |   [01;31m[KRCLCPP_INFO[m[K(get_logger(), "[%s] Sending my PID for leader election: %d",
[5.374s]       |   [01;31m[K^~~~~~~~~~~[m[K
[5.374s] [01m[K/home/rubenb/uni/5_ano/1cuatri/sistemas_distribuidos/practicas/p4/Ruben_Bautista/ros_ws/src/sdc_p4/src/bully.cpp:194:3:[m[K [01;31m[Kerror: [m[Ktemplate argument 1 is invalid
[5.375s]   194 |   [01;31m[KRCLCPP_INFO[m[K(get_logger(), "[%s] Sending my PID for leader election: %d",
[5.375s]       |   [01;31m[K^~~~~~~~~~~[m[K
[5.375s] [01m[K/home/rubenb/uni/5_ano/1cuatri/sistemas_distribuidos/practicas/p4/Ruben_Bautista/ros_ws/src/sdc_p4/src/bully.cpp:194:3:[m[K [01;31m[Kerror: [m[Ktemplate argument 1 is invalid
[5.375s]   194 |   [01;31m[KRCLCPP_INFO[m[K(get_logger(), "[%s] Sending my PID for leader election: %d",
[5.375s]       |   [01;31m[K^~~~~~~~~~~[m[K
[5.381s] [01m[K/home/rubenb/uni/5_ano/1cuatri/sistemas_distribuidos/practicas/p4/Ruben_Bautista/ros_ws/src/sdc_p4/src/bully.cpp:195:15:[m[K [01;31m[Kerror: [m[Kâ€˜[01m[Krole_str_[m[Kâ€™ was not declared in this scope
[5.382s]   195 |               [01;31m[Krole_str_[m[K.c_str(), pid_);
[5.382s]       |               [01;31m[K^~~~~~~~~[m[K
[5.392s] [01m[K/home/rubenb/uni/5_ano/1cuatri/sistemas_distribuidos/practicas/p4/Ruben_Bautista/ros_ws/src/sdc_p4/src/bully.cpp:204:3:[m[K [01;31m[Kerror: [m[Kâ€˜[01m[Kelection_timer_[m[Kâ€™ was not declared in this scope
[5.393s]   204 |   [01;31m[Kelection_timer_[m[K = create_wall_timer(
[5.393s]       |   [01;31m[K^~~~~~~~~~~~~~~[m[K
[5.406s] [01m[K/home/rubenb/uni/5_ano/1cuatri/sistemas_distribuidos/practicas/p4/Ruben_Bautista/ros_ws/src/sdc_p4/src/bully.cpp:205:31:[m[K [01;31m[Kerror: [m[Kâ€˜[01m[KELECTION_DURATION[m[Kâ€™ was not declared in this scope
[5.406s]   205 |     std::chrono::milliseconds([01;31m[KELECTION_DURATION[m[K),
[5.406s]       |                               [01;31m[K^~~~~~~~~~~~~~~~~[m[K
[5.406s] [01m[K/home/rubenb/uni/5_ano/1cuatri/sistemas_distribuidos/practicas/p4/Ruben_Bautista/ros_ws/src/sdc_p4/src/bully.cpp:206:16:[m[K [01;31m[Kerror: [m[Kâ€˜[01m[KBullyNode[m[Kâ€™ has not been declared
[5.406s]   206 |     std::bind(&[01;31m[KBullyNode[m[K::election_timeout_callback, this),
[5.406s]       |                [01;31m[K^~~~~~~~~[m[K
[5.407s] [01m[K/home/rubenb/uni/5_ano/1cuatri/sistemas_distribuidos/practicas/p4/Ruben_Bautista/ros_ws/src/sdc_p4/src/bully.cpp:206:54:[m[K [01;31m[Kerror: [m[Kinvalid use of â€˜[01m[Kthis[m[Kâ€™ in non-member function
[5.407s]   206 |     std::bind(&BullyNode::election_timeout_callback, [01;31m[Kthis[m[K),
[5.407s]       |                                                      [01;31m[K^~~~[m[K
[5.407s] [01m[K/home/rubenb/uni/5_ano/1cuatri/sistemas_distribuidos/practicas/p4/Ruben_Bautista/ros_ws/src/sdc_p4/src/bully.cpp:204:21:[m[K [01;31m[Kerror: [m[Kâ€˜[01m[Kcreate_wall_timer[m[Kâ€™ was not declared in this scope; did you mean â€˜[01m[Krclcpp::create_wall_timer[m[Kâ€™?
[5.407s]   204 |   election_timer_ = [01;31m[Kcreate_wall_timer[m[K(
[5.407s]       |                     [01;31m[K^~~~~~~~~~~~~~~~~[m[K
[5.407s]       |                     [32m[Krclcpp::create_wall_timer[m[K
[5.407s] In file included from [01m[K/opt/ros/rolling/include/rclcpp/rclcpp/create_subscription.hpp:33[m[K,
[5.408s]                  from [01m[K/opt/ros/rolling/include/rclcpp/rclcpp/node_impl.hpp:44[m[K,
[5.408s]                  from [01m[K/opt/ros/rolling/include/rclcpp/rclcpp/node.hpp:1646[m[K,
[5.408s]                  from [01m[K/opt/ros/rolling/include/rclcpp/rclcpp/executors/single_threaded_executor.hpp:28[m[K,
[5.408s]                  from [01m[K/opt/ros/rolling/include/rclcpp/rclcpp/executors.hpp:22[m[K,
[5.408s]                  from [01m[K/opt/ros/rolling/include/rclcpp/rclcpp/rclcpp.hpp:172[m[K:
[5.408s] [01m[K/opt/ros/rolling/include/rclcpp/rclcpp/create_timer.hpp:191:1:[m[K [01;36m[Knote: [m[Kâ€˜[01m[Krclcpp::create_wall_timer[m[Kâ€™ declared here
[5.409s]   191 | [01;36m[Kcreate_wall_timer[m[K(
[5.409s]       | [01;36m[K^~~~~~~~~~~~~~~~~[m[K
[5.409s] [01m[K/home/rubenb/uni/5_ano/1cuatri/sistemas_distribuidos/practicas/p4/Ruben_Bautista/ros_ws/src/sdc_p4/src/bully.cpp:[m[K At global scope:
[5.409s] [01m[K/home/rubenb/uni/5_ano/1cuatri/sistemas_distribuidos/practicas/p4/Ruben_Bautista/ros_ws/src/sdc_p4/src/bully.cpp:211:6:[m[K [01;31m[Kerror: [m[Kâ€˜[01m[KBullyNode[m[Kâ€™ has not been declared
[5.409s]   211 | void [01;31m[KBullyNode[m[K::start_election()
[5.409s]       |      [01;31m[K^~~~~~~~~[m[K
[5.422s] [01m[K/home/rubenb/uni/5_ano/1cuatri/sistemas_distribuidos/practicas/p4/Ruben_Bautista/ros_ws/src/sdc_p4/src/bully.cpp:[m[K In function â€˜[01m[Kvoid[01;32m[K start_election[m[K()[m[Kâ€™:
[5.422s] [01m[K/home/rubenb/uni/5_ano/1cuatri/sistemas_distribuidos/practicas/p4/Ruben_Bautista/ros_ws/src/sdc_p4/src/bully.cpp:213:7:[m[K [01;31m[Kerror: [m[Kâ€˜[01m[Kelection_in_progress_[m[Kâ€™ was not declared in this scope
[5.423s]   213 |   if ([01;31m[Kelection_in_progress_[m[K) {
[5.423s]       |       [01;31m[K^~~~~~~~~~~~~~~~~~~~~[m[K
[5.434s] [01m[K/home/rubenb/uni/5_ano/1cuatri/sistemas_distribuidos/practicas/p4/Ruben_Bautista/ros_ws/src/sdc_p4/src/bully.cpp:217:3:[m[K [01;31m[Kerror: [m[Kâ€˜[01m[Ki_started_election_[m[Kâ€™ was not declared in this scope; did you mean â€˜[01m[Kstart_election[m[Kâ€™?
[5.434s]   217 |   [01;31m[Ki_started_election_[m[K = true;
[5.434s]       |   [01;31m[K^~~~~~~~~~~~~~~~~~~[m[K
[5.434s]       |   [32m[Kstart_election[m[K
[5.435s] [01m[K/home/rubenb/uni/5_ano/1cuatri/sistemas_distribuidos/practicas/p4/Ruben_Bautista/ros_ws/src/sdc_p4/src/bully.cpp:219:15:[m[K [01;31m[Kerror: [m[Kâ€˜[01m[Kget_logger[m[Kâ€™ was not declared in this scope; did you mean â€˜[01m[Krclcpp::get_logger[m[Kâ€™?
[5.435s]   219 |   RCLCPP_INFO([01;31m[Kget_logger[m[K(), "[%s] Send message to start election", role_str_.c_str());
[5.435s]       |               [01;31m[K^~~~~~~~~~[m[K
[5.435s] [01m[K/opt/ros/rolling/include/rclcpp/rclcpp/logger.hpp:136:17:[m[K [01;36m[Knote: [m[Kâ€˜[01m[Krclcpp::get_logger[m[Kâ€™ declared here
[5.435s]   136 |   friend Logger [01;36m[Krclcpp[m[K::get_logger(const std::string & name);
[5.436s]       |                 [01;36m[K^~~~~~[m[K
[5.436s] [01m[K/home/rubenb/uni/5_ano/1cuatri/sistemas_distribuidos/practicas/p4/Ruben_Bautista/ros_ws/src/sdc_p4/src/bully.cpp:219:3:[m[K [01;31m[Kerror: [m[Ktemplate argument 1 is invalid
[5.436s]   219 |   [01;31m[KRCLCPP_INFO[m[K(get_logger(), "[%s] Send message to start election", role_str_.c_str());
[5.436s]       |   [01;31m[K^~~~~~~~~~~[m[K
[5.436s] [01m[K/home/rubenb/uni/5_ano/1cuatri/sistemas_distribuidos/practicas/p4/Ruben_Bautista/ros_ws/src/sdc_p4/src/bully.cpp:219:3:[m[K [01;31m[Kerror: [m[Ktemplate argument 1 is invalid
[5.436s]   219 |   [01;31m[KRCLCPP_INFO[m[K(get_logger(), "[%s] Send message to start election", role_str_.c_str());
[5.436s]       |   [01;31m[K^~~~~~~~~~~[m[K
[5.437s] [01m[K/home/rubenb/uni/5_ano/1cuatri/sistemas_distribuidos/practicas/p4/Ruben_Bautista/ros_ws/src/sdc_p4/src/bully.cpp:219:3:[m[K [01;31m[Kerror: [m[Ktemplate argument 1 is invalid
[5.437s]   219 |   [01;31m[KRCLCPP_INFO[m[K(get_logger(), "[%s] Send message to start election", role_str_.c_str());
[5.437s]       |   [01;31m[K^~~~~~~~~~~[m[K
[5.445s] [01m[K/home/rubenb/uni/5_ano/1cuatri/sistemas_distribuidos/practicas/p4/Ruben_Bautista/ros_ws/src/sdc_p4/src/bully.cpp:219:68:[m[K [01;31m[Kerror: [m[Kâ€˜[01m[Krole_str_[m[Kâ€™ was not declared in this scope
[5.445s]   219 |   RCLCPP_INFO(get_logger(), "[%s] Send message to start election", [01;31m[Krole_str_[m[K.c_str());
[5.445s]       |                                                                    [01;31m[K^~~~~~~~~[m[K
[5.459s] [01m[K/home/rubenb/uni/5_ano/1cuatri/sistemas_distribuidos/practicas/p4/Ruben_Bautista/ros_ws/src/sdc_p4/src/bully.cpp:224:3:[m[K [01;31m[Kerror: [m[Kâ€˜[01m[Kelection_start_pub_[m[Kâ€™ was not declared in this scope
[5.460s]   224 |   [01;31m[Kelection_start_pub_[m[K->publish(election_msg);
[5.460s]       |   [01;31m[K^~~~~~~~~~~~~~~~~~~[m[K
[5.462s] [01m[K/home/rubenb/uni/5_ano/1cuatri/sistemas_distribuidos/practicas/p4/Ruben_Bautista/ros_ws/src/sdc_p4/src/bully.cpp:[m[K At global scope:
[5.462s] [01m[K/home/rubenb/uni/5_ano/1cuatri/sistemas_distribuidos/practicas/p4/Ruben_Bautista/ros_ws/src/sdc_p4/src/bully.cpp:231:6:[m[K [01;31m[Kerror: [m[Kâ€˜[01m[KBullyNode[m[Kâ€™ has not been declared
[5.462s]   231 | void [01;31m[KBullyNode[m[K::handle_candidate(const std_msgs::msg::Int32::SharedPtr msg)
[5.462s]       |      [01;31m[K^~~~~~~~~[m[K
[5.473s] [01m[K/home/rubenb/uni/5_ano/1cuatri/sistemas_distribuidos/practicas/p4/Ruben_Bautista/ros_ws/src/sdc_p4/src/bully.cpp:[m[K In function â€˜[01m[Kvoid[01;32m[K handle_candidate[m[K(std_msgs::msg::Int32_<std::allocator<void> >::SharedPtr)[m[Kâ€™:
[5.474s] [01m[K/home/rubenb/uni/5_ano/1cuatri/sistemas_distribuidos/practicas/p4/Ruben_Bautista/ros_ws/src/sdc_p4/src/bully.cpp:233:7:[m[K [01;31m[Kerror: [m[Kâ€˜[01m[Kcurrent_state_[m[Kâ€™ was not declared in this scope
[5.474s]   233 |   if ([01;31m[Kcurrent_state_[m[K != NodeState::ELECTION) {
[5.474s]       |       [01;31m[K^~~~~~~~~~~~~~[m[K
[5.474s] [01m[K/home/rubenb/uni/5_ano/1cuatri/sistemas_distribuidos/practicas/p4/Ruben_Bautista/ros_ws/src/sdc_p4/src/bully.cpp:233:25:[m[K [01;31m[Kerror: [m[Kâ€˜[01m[KNodeState[m[Kâ€™ has not been declared
[5.474s]   233 |   if (current_state_ != [01;31m[KNodeState[m[K::ELECTION) {
[5.474s]       |                         [01;31m[K^~~~~~~~~[m[K
[5.480s] [01m[K/home/rubenb/uni/5_ano/1cuatri/sistemas_distribuidos/practicas/p4/Ruben_Bautista/ros_ws/src/sdc_p4/src/bully.cpp:240:24:[m[K [01;31m[Kerror: [m[Kâ€˜[01m[Kpid_[m[Kâ€™ was not declared in this scope; did you mean â€˜[01m[Kpid_t[m[Kâ€™?
[5.481s]   240 |   if (candidate_pid == [01;31m[Kpid_[m[K) {
[5.481s]       |                        [01;31m[K^~~~[m[K
[5.481s]       |                        [32m[Kpid_t[m[K
[5.481s] [01m[K/home/rubenb/uni/5_ano/1cuatri/sistemas_distribuidos/practicas/p4/Ruben_Bautista/ros_ws/src/sdc_p4/src/bully.cpp:244:15:[m[K [01;31m[Kerror: [m[Kâ€˜[01m[Kget_logger[m[Kâ€™ was not declared in this scope; did you mean â€˜[01m[Krclcpp::get_logger[m[Kâ€™?
[5.481s]   244 |   RCLCPP_INFO([01;31m[Kget_logger[m[K(), "[%s] Received candidate leader %d",
[5.481s]       |               [01;31m[K^~~~~~~~~~[m[K
[5.482s] [01m[K/opt/ros/rolling/include/rclcpp/rclcpp/logger.hpp:136:17:[m[K [01;36m[Knote: [m[Kâ€˜[01m[Krclcpp::get_logger[m[Kâ€™ declared here
[5.482s]   136 |   friend Logger [01;36m[Krclcpp[m[K::get_logger(const std::string & name);
[5.482s]       |                 [01;36m[K^~~~~~[m[K
[5.482s] [01m[K/home/rubenb/uni/5_ano/1cuatri/sistemas_distribuidos/practicas/p4/Ruben_Bautista/ros_ws/src/sdc_p4/src/bully.cpp:244:3:[m[K [01;31m[Kerror: [m[Ktemplate argument 1 is invalid
[5.482s]   244 |   [01;31m[KRCLCPP_INFO[m[K(get_logger(), "[%s] Received candidate leader %d",
[5.482s]       |   [01;31m[K^~~~~~~~~~~[m[K
[5.482s] [01m[K/home/rubenb/uni/5_ano/1cuatri/sistemas_distribuidos/practicas/p4/Ruben_Bautista/ros_ws/src/sdc_p4/src/bully.cpp:244:3:[m[K [01;31m[Kerror: [m[Ktemplate argument 1 is invalid
[5.483s]   244 |   [01;31m[KRCLCPP_INFO[m[K(get_logger(), "[%s] Received candidate leader %d",
[5.483s]       |   [01;31m[K^~~~~~~~~~~[m[K
[5.483s] [01m[K/home/rubenb/uni/5_ano/1cuatri/sistemas_distribuidos/practicas/p4/Ruben_Bautista/ros_ws/src/sdc_p4/src/bully.cpp:244:3:[m[K [01;31m[Kerror: [m[Ktemplate argument 1 is invalid
[5.483s]   244 |   [01;31m[KRCLCPP_INFO[m[K(get_logger(), "[%s] Received candidate leader %d",
[5.483s]       |   [01;31m[K^~~~~~~~~~~[m[K
[5.491s] [01m[K/home/rubenb/uni/5_ano/1cuatri/sistemas_distribuidos/practicas/p4/Ruben_Bautista/ros_ws/src/sdc_p4/src/bully.cpp:245:15:[m[K [01;31m[Kerror: [m[Kâ€˜[01m[Krole_str_[m[Kâ€™ was not declared in this scope
[5.491s]   245 |               [01;31m[Krole_str_[m[K.c_str(), candidate_pid);
[5.491s]       |               [01;31m[K^~~~~~~~~[m[K
[5.499s] [01m[K/home/rubenb/uni/5_ano/1cuatri/sistemas_distribuidos/practicas/p4/Ruben_Bautista/ros_ws/src/sdc_p4/src/bully.cpp:247:3:[m[K [01;31m[Kerror: [m[Kâ€˜[01m[Kcandidates_[m[Kâ€™ was not declared in this scope; did you mean â€˜[01m[Kcandidate_pid[m[Kâ€™?
[5.499s]   247 |   [01;31m[Kcandidates_[m[K.insert(candidate_pid);
[5.500s]       |   [01;31m[K^~~~~~~~~~~[m[K
[5.500s]       |   [32m[Kcandidate_pid[m[K
[5.515s] [01m[K/home/rubenb/uni/5_ano/1cuatri/sistemas_distribuidos/practicas/p4/Ruben_Bautista/ros_ws/src/sdc_p4/src/bully.cpp:249:23:[m[K [01;31m[Kerror: [m[Kâ€˜[01m[Khighest_candidate_pid_[m[Kâ€™ was not declared in this scope
[5.515s]   249 |   if (candidate_pid > [01;31m[Khighest_candidate_pid_[m[K) {
[5.515s]       |                       [01;31m[K^~~~~~~~~~~~~~~~~~~~~~[m[K
[5.516s] [01m[K/home/rubenb/uni/5_ano/1cuatri/sistemas_distribuidos/practicas/p4/Ruben_Bautista/ros_ws/src/sdc_p4/src/bully.cpp:[m[K At global scope:
[5.516s] [01m[K/home/rubenb/uni/5_ano/1cuatri/sistemas_distribuidos/practicas/p4/Ruben_Bautista/ros_ws/src/sdc_p4/src/bully.cpp:254:6:[m[K [01;31m[Kerror: [m[Kâ€˜[01m[KBullyNode[m[Kâ€™ has not been declared
[5.516s]   254 | void [01;31m[KBullyNode[m[K::election_timeout_callback()
[5.516s]       |      [01;31m[K^~~~~~~~~[m[K
[5.526s] [01m[K/home/rubenb/uni/5_ano/1cuatri/sistemas_distribuidos/practicas/p4/Ruben_Bautista/ros_ws/src/sdc_p4/src/bully.cpp:[m[K In function â€˜[01m[Kvoid[01;32m[K election_timeout_callback[m[K()[m[Kâ€™:
[5.526s] [01m[K/home/rubenb/uni/5_ano/1cuatri/sistemas_distribuidos/practicas/p4/Ruben_Bautista/ros_ws/src/sdc_p4/src/bully.cpp:256:7:[m[K [01;31m[Kerror: [m[Kâ€˜[01m[Kcurrent_state_[m[Kâ€™ was not declared in this scope
[5.526s]   256 |   if ([01;31m[Kcurrent_state_[m[K != NodeState::ELECTION) {
[5.527s]       |       [01;31m[K^~~~~~~~~~~~~~[m[K
[5.527s] [01m[K/home/rubenb/uni/5_ano/1cuatri/sistemas_distribuidos/practicas/p4/Ruben_Bautista/ros_ws/src/sdc_p4/src/bully.cpp:256:25:[m[K [01;31m[Kerror: [m[Kâ€˜[01m[KNodeState[m[Kâ€™ has not been declared
[5.527s]   256 |   if (current_state_ != [01;31m[KNodeState[m[K::ELECTION) {
[5.527s]       |                         [01;31m[K^~~~~~~~~[m[K
[5.537s] [01m[K/home/rubenb/uni/5_ano/1cuatri/sistemas_distribuidos/practicas/p4/Ruben_Bautista/ros_ws/src/sdc_p4/src/bully.cpp:262:18:[m[K [01;31m[Kerror: [m[Kâ€˜[01m[Kcandidates_[m[Kâ€™ was not declared in this scope
[5.537s]   262 |   for (int pid : [01;31m[Kcandidates_[m[K) {
[5.538s]       |                  [01;31m[K^~~~~~~~~~~[m[K
[5.545s] [01m[K/home/rubenb/uni/5_ano/1cuatri/sistemas_distribuidos/practicas/p4/Ruben_Bautista/ros_ws/src/sdc_p4/src/bully.cpp:270:15:[m[K [01;31m[Kerror: [m[Kâ€˜[01m[Kpid_[m[Kâ€™ was not declared in this scope; did you mean â€˜[01m[Kpid_t[m[Kâ€™?
[5.545s]   270 |     max_pid = [01;31m[Kpid_[m[K;
[5.545s]       |               [01;31m[K^~~~[m[K
[5.545s]       |               [32m[Kpid_t[m[K
[5.551s] [01m[K/home/rubenb/uni/5_ano/1cuatri/sistemas_distribuidos/practicas/p4/Ruben_Bautista/ros_ws/src/sdc_p4/src/bully.cpp:275:7:[m[K [01;31m[Kerror: [m[Kâ€˜[01m[Kpid_[m[Kâ€™ was not declared in this scope; did you mean â€˜[01m[Kpid_t[m[Kâ€™?
[5.551s]   275 |   if ([01;31m[Kpid_[m[K == max_pid) {
[5.552s]       |       [01;31m[K^~~~[m[K
[5.552s]       |       [32m[Kpid_t[m[K
[5.567s] [01m[K/home/rubenb/uni/5_ano/1cuatri/sistemas_distribuidos/practicas/p4/Ruben_Bautista/ros_ws/src/sdc_p4/src/bully.cpp:276:5:[m[K [01;31m[Kerror: [m[Kâ€˜[01m[Kannounce_new_leader[m[Kâ€™ was not declared in this scope
[5.568s]   276 |     [01;31m[Kannounce_new_leader[m[K();
[5.568s]       |     [01;31m[K^~~~~~~~~~~~~~~~~~~[m[K
[5.569s] [01m[K/home/rubenb/uni/5_ano/1cuatri/sistemas_distribuidos/practicas/p4/Ruben_Bautista/ros_ws/src/sdc_p4/src/bully.cpp:280:17:[m[K [01;31m[Kerror: [m[Kâ€˜[01m[Kget_logger[m[Kâ€™ was not declared in this scope; did you mean â€˜[01m[Krclcpp::get_logger[m[Kâ€™?
[5.569s]   280 |     RCLCPP_INFO([01;31m[Kget_logger[m[K(), "[election] Waiting for new leader announcement. Highest PID: %d", max_pid);
[5.569s]       |                 [01;31m[K^~~~~~~~~~[m[K
[5.569s] [01m[K/opt/ros/rolling/include/rclcpp/rclcpp/logger.hpp:136:17:[m[K [01;36m[Knote: [m[Kâ€˜[01m[Krclcpp::get_logger[m[Kâ€™ declared here
[5.569s]   136 |   friend Logger [01;36m[Krclcpp[m[K::get_logger(const std::string & name);
[5.570s]       |                 [01;36m[K^~~~~~[m[K
[5.570s] [01m[K/home/rubenb/uni/5_ano/1cuatri/sistemas_distribuidos/practicas/p4/Ruben_Bautista/ros_ws/src/sdc_p4/src/bully.cpp:280:5:[m[K [01;31m[Kerror: [m[Ktemplate argument 1 is invalid
[5.570s]   280 |     [01;31m[KRCLCPP_INFO[m[K(get_logger(), "[election] Waiting for new leader announcement. Highest PID: %d", max_pid);
[5.570s]       |     [01;31m[K^~~~~~~~~~~[m[K
[5.570s] [01m[K/home/rubenb/uni/5_ano/1cuatri/sistemas_distribuidos/practicas/p4/Ruben_Bautista/ros_ws/src/sdc_p4/src/bully.cpp:280:5:[m[K [01;31m[Kerror: [m[Ktemplate argument 1 is invalid
[5.570s]   280 |     [01;31m[KRCLCPP_INFO[m[K(get_logger(), "[election] Waiting for new leader announcement. Highest PID: %d", max_pid);
[5.570s]       |     [01;31m[K^~~~~~~~~~~[m[K
[5.571s] [01m[K/home/rubenb/uni/5_ano/1cuatri/sistemas_distribuidos/practicas/p4/Ruben_Bautista/ros_ws/src/sdc_p4/src/bully.cpp:280:5:[m[K [01;31m[Kerror: [m[Ktemplate argument 1 is invalid
[5.571s]   280 |     [01;31m[KRCLCPP_INFO[m[K(get_logger(), "[election] Waiting for new leader announcement. Highest PID: %d", max_pid);
[5.571s]       |     [01;31m[K^~~~~~~~~~~[m[K
[5.571s] [01m[K/home/rubenb/uni/5_ano/1cuatri/sistemas_distribuidos/practicas/p4/Ruben_Bautista/ros_ws/src/sdc_p4/src/bully.cpp:284:7:[m[K [01;31m[Kerror: [m[Kunable to find numeric literal operator â€˜[01m[Koperator""ms[m[Kâ€™
[5.571s]   284 |       [01;31m[K3000ms[m[K,
[5.571s]       |       [01;31m[K^~~~~~[m[K
[5.572s] [01m[K/home/rubenb/uni/5_ano/1cuatri/sistemas_distribuidos/practicas/p4/Ruben_Bautista/ros_ws/src/sdc_p4/src/bully.cpp:285:8:[m[K [01;31m[Kerror: [m[Kinvalid use of â€˜[01m[Kthis[m[Kâ€™ in non-member function
[5.572s]   285 |       [[01;31m[Kthis[m[K]() {
[5.572s]       |        [01;31m[K^~~~[m[K
[5.588s] [01m[K/home/rubenb/uni/5_ano/1cuatri/sistemas_distribuidos/practicas/p4/Ruben_Bautista/ros_ws/src/sdc_p4/src/bully.cpp:[m[K In lambda function:
[5.588s] [01m[K/home/rubenb/uni/5_ano/1cuatri/sistemas_distribuidos/practicas/p4/Ruben_Bautista/ros_ws/src/sdc_p4/src/bully.cpp:286:13:[m[K [01;31m[Kerror: [m[Kâ€˜[01m[Kcurrent_state_[m[Kâ€™ was not declared in this scope
[5.588s]   286 |         if ([01;31m[Kcurrent_state_[m[K == NodeState::ELECTION) {
[5.588s]       |             [01;31m[K^~~~~~~~~~~~~~[m[K
[5.589s] [01m[K/home/rubenb/uni/5_ano/1cuatri/sistemas_distribuidos/practicas/p4/Ruben_Bautista/ros_ws/src/sdc_p4/src/bully.cpp:286:31:[m[K [01;31m[Kerror: [m[Kâ€˜[01m[KNodeState[m[Kâ€™ has not been declared
[5.589s]   286 |         if (current_state_ == [01;31m[KNodeState[m[K::ELECTION) {
[5.589s]       |                               [01;31m[K^~~~~~~~~[m[K
[5.589s] [01m[K/home/rubenb/uni/5_ano/1cuatri/sistemas_distribuidos/practicas/p4/Ruben_Bautista/ros_ws/src/sdc_p4/src/bully.cpp:288:23:[m[K [01;31m[Kerror: [m[Kâ€˜[01m[Kget_logger[m[Kâ€™ was not declared in this scope; did you mean â€˜[01m[Krclcpp::get_logger[m[Kâ€™?
[5.590s]   288 |           RCLCPP_WARN([01;31m[Kget_logger[m[K(), "[election] No leader announced, restarting election");
[5.590s]       |                       [01;31m[K^~~~~~~~~~[m[K
[5.590s] [01m[K/opt/ros/rolling/include/rclcpp/rclcpp/logger.hpp:136:17:[m[K [01;36m[Knote: [m[Kâ€˜[01m[Krclcpp::get_logger[m[Kâ€™ declared here
[5.590s]   136 |   friend Logger [01;36m[Krclcpp[m[K::get_logger(const std::string & name);
[5.590s]       |                 [01;36m[K^~~~~~[m[K
[5.590s] [01m[K/home/rubenb/uni/5_ano/1cuatri/sistemas_distribuidos/practicas/p4/Ruben_Bautista/ros_ws/src/sdc_p4/src/bully.cpp:288:11:[m[K [01;31m[Kerror: [m[Ktemplate argument 1 is invalid
[5.590s]   288 |           [01;31m[KRCLCPP_WARN[m[K(get_logger(), "[election] No leader announced, restarting election");
[5.590s]       |           [01;31m[K^~~~~~~~~~~[m[K
[5.591s] [01m[K/home/rubenb/uni/5_ano/1cuatri/sistemas_distribuidos/practicas/p4/Ruben_Bautista/ros_ws/src/sdc_p4/src/bully.cpp:288:11:[m[K [01;31m[Kerror: [m[Ktemplate argument 1 is invalid
[5.591s]   288 |           [01;31m[KRCLCPP_WARN[m[K(get_logger(), "[election] No leader announced, restarting election");
[5.591s]       |           [01;31m[K^~~~~~~~~~~[m[K
[5.591s] [01m[K/home/rubenb/uni/5_ano/1cuatri/sistemas_distribuidos/practicas/p4/Ruben_Bautista/ros_ws/src/sdc_p4/src/bully.cpp:288:11:[m[K [01;31m[Kerror: [m[Ktemplate argument 1 is invalid
[5.591s]   288 |           [01;31m[KRCLCPP_WARN[m[K(get_logger(), "[election] No leader announced, restarting election");
[5.591s]       |           [01;31m[K^~~~~~~~~~~[m[K
[5.605s] [01m[K/home/rubenb/uni/5_ano/1cuatri/sistemas_distribuidos/practicas/p4/Ruben_Bautista/ros_ws/src/sdc_p4/src/bully.cpp:289:11:[m[K [01;31m[Kerror: [m[Kâ€˜[01m[Kreset_election[m[Kâ€™ was not declared in this scope; did you mean â€˜[01m[Kstart_election[m[Kâ€™?
[5.605s]   289 |           [01;31m[Kreset_election[m[K();
[5.605s]       |           [01;31m[K^~~~~~~~~~~~~~[m[K
[5.606s]       |           [32m[Kstart_election[m[K
[5.606s] [01m[K/home/rubenb/uni/5_ano/1cuatri/sistemas_distribuidos/practicas/p4/Ruben_Bautista/ros_ws/src/sdc_p4/src/bully.cpp:[m[K In function â€˜[01m[Kvoid[01;32m[K election_timeout_callback[m[K()[m[Kâ€™:
[5.606s] [01m[K/home/rubenb/uni/5_ano/1cuatri/sistemas_distribuidos/practicas/p4/Ruben_Bautista/ros_ws/src/sdc_p4/src/bully.cpp:283:25:[m[K [01;31m[Kerror: [m[Kâ€˜[01m[Kcreate_wall_timer[m[Kâ€™ was not declared in this scope; did you mean â€˜[01m[Krclcpp::create_wall_timer[m[Kâ€™?
[5.607s]   283 |     auto backup_timer = [01;31m[Kcreate_wall_timer[m[K(
[5.607s]       |                         [01;31m[K^~~~~~~~~~~~~~~~~[m[K
[5.607s]       |                         [32m[Krclcpp::create_wall_timer[m[K
[5.607s] [01m[K/opt/ros/rolling/include/rclcpp/rclcpp/create_timer.hpp:191:1:[m[K [01;36m[Knote: [m[Kâ€˜[01m[Krclcpp::create_wall_timer[m[Kâ€™ declared here
[5.607s]   191 | [01;36m[Kcreate_wall_timer[m[K(
[5.608s]       | [01;36m[K^~~~~~~~~~~~~~~~~[m[K
[5.608s] [01m[K/home/rubenb/uni/5_ano/1cuatri/sistemas_distribuidos/practicas/p4/Ruben_Bautista/ros_ws/src/sdc_p4/src/bully.cpp:[m[K At global scope:
[5.608s] [01m[K/home/rubenb/uni/5_ano/1cuatri/sistemas_distribuidos/practicas/p4/Ruben_Bautista/ros_ws/src/sdc_p4/src/bully.cpp:298:6:[m[K [01;31m[Kerror: [m[Kâ€˜[01m[KBullyNode[m[Kâ€™ has not been declared
[5.608s]   298 | void [01;31m[KBullyNode[m[K::announce_new_leader()
[5.608s]       |      [01;31m[K^~~~~~~~~[m[K
[5.617s] [01m[K/home/rubenb/uni/5_ano/1cuatri/sistemas_distribuidos/practicas/p4/Ruben_Bautista/ros_ws/src/sdc_p4/src/bully.cpp:[m[K In function â€˜[01m[Kvoid[01;32m[K announce_new_leader[m[K()[m[Kâ€™:
[5.618s] [01m[K/home/rubenb/uni/5_ano/1cuatri/sistemas_distribuidos/practicas/p4/Ruben_Bautista/ros_ws/src/sdc_p4/src/bully.cpp:301:7:[m[K [01;31m[Kerror: [m[Kâ€˜[01m[Kcurrent_state_[m[Kâ€™ was not declared in this scope
[5.618s]   301 |   if ([01;31m[Kcurrent_state_[m[K != NodeState::ELECTION) {
[5.618s]       |       [01;31m[K^~~~~~~~~~~~~~[m[K
[5.618s] [01m[K/home/rubenb/uni/5_ano/1cuatri/sistemas_distribuidos/practicas/p4/Ruben_Bautista/ros_ws/src/sdc_p4/src/bully.cpp:301:25:[m[K [01;31m[Kerror: [m[Kâ€˜[01m[KNodeState[m[Kâ€™ has not been declared
[5.618s]   301 |   if (current_state_ != [01;31m[KNodeState[m[K::ELECTION) {
[5.618s]       |                         [01;31m[K^~~~~~~~~[m[K
[5.624s] [01m[K/home/rubenb/uni/5_ano/1cuatri/sistemas_distribuidos/practicas/p4/Ruben_Bautista/ros_ws/src/sdc_p4/src/bully.cpp:306:21:[m[K [01;31m[Kerror: [m[Kâ€˜[01m[Kpid_[m[Kâ€™ was not declared in this scope; did you mean â€˜[01m[Kpid_t[m[Kâ€™?
[5.625s]   306 |   leader_msg.data = [01;31m[Kpid_[m[K;
[5.625s]       |                     [01;31m[K^~~~[m[K
[5.625s]       |                     [32m[Kpid_t[m[K
[5.637s] [01m[K/home/rubenb/uni/5_ano/1cuatri/sistemas_distribuidos/practicas/p4/Ruben_Bautista/ros_ws/src/sdc_p4/src/bully.cpp:307:3:[m[K [01;31m[Kerror: [m[Kâ€˜[01m[Knew_leader_pub_[m[Kâ€™ was not declared in this scope
[5.637s]   307 |   [01;31m[Knew_leader_pub_[m[K->publish(leader_msg);
[5.638s]       |   [01;31m[K^~~~~~~~~~~~~~~[m[K
[5.639s] [01m[K/home/rubenb/uni/5_ano/1cuatri/sistemas_distribuidos/practicas/p4/Ruben_Bautista/ros_ws/src/sdc_p4/src/bully.cpp:309:15:[m[K [01;31m[Kerror: [m[Kâ€˜[01m[Kget_logger[m[Kâ€™ was not declared in this scope; did you mean â€˜[01m[Krclcpp::get_logger[m[Kâ€™?
[5.639s]   309 |   RCLCPP_INFO([01;31m[Kget_logger[m[K(), "[%s] Sending my PID to set the new leader: %d",
[5.639s]       |               [01;31m[K^~~~~~~~~~[m[K
[5.639s] [01m[K/opt/ros/rolling/include/rclcpp/rclcpp/logger.hpp:136:17:[m[K [01;36m[Knote: [m[Kâ€˜[01m[Krclcpp::get_logger[m[Kâ€™ declared here
[5.639s]   136 |   friend Logger [01;36m[Krclcpp[m[K::get_logger(const std::string & name);
[5.639s]       |                 [01;36m[K^~~~~~[m[K
[5.639s] [01m[K/home/rubenb/uni/5_ano/1cuatri/sistemas_distribuidos/practicas/p4/Ruben_Bautista/ros_ws/src/sdc_p4/src/bully.cpp:309:3:[m[K [01;31m[Kerror: [m[Ktemplate argument 1 is invalid
[5.640s]   309 |   [01;31m[KRCLCPP_INFO[m[K(get_logger(), "[%s] Sending my PID to set the new leader: %d",
[5.640s]       |   [01;31m[K^~~~~~~~~~~[m[K
[5.640s] [01m[K/home/rubenb/uni/5_ano/1cuatri/sistemas_distribuidos/practicas/p4/Ruben_Bautista/ros_ws/src/sdc_p4/src/bully.cpp:309:3:[m[K [01;31m[Kerror: [m[Ktemplate argument 1 is invalid
[5.640s]   309 |   [01;31m[KRCLCPP_INFO[m[K(get_logger(), "[%s] Sending my PID to set the new leader: %d",
[5.640s]       |   [01;31m[K^~~~~~~~~~~[m[K
[5.640s] [01m[K/home/rubenb/uni/5_ano/1cuatri/sistemas_distribuidos/practicas/p4/Ruben_Bautista/ros_ws/src/sdc_p4/src/bully.cpp:309:3:[m[K [01;31m[Kerror: [m[Ktemplate argument 1 is invalid
[5.640s]   309 |   [01;31m[KRCLCPP_INFO[m[K(get_logger(), "[%s] Sending my PID to set the new leader: %d",
[5.640s]       |   [01;31m[K^~~~~~~~~~~[m[K
[5.649s] [01m[K/home/rubenb/uni/5_ano/1cuatri/sistemas_distribuidos/practicas/p4/Ruben_Bautista/ros_ws/src/sdc_p4/src/bully.cpp:310:15:[m[K [01;31m[Kerror: [m[Kâ€˜[01m[Krole_str_[m[Kâ€™ was not declared in this scope
[5.649s]   310 |               [01;31m[Krole_str_[m[K.c_str(), pid_);
[5.649s]       |               [01;31m[K^~~~~~~~~[m[K
[5.649s] [01m[K/home/rubenb/uni/5_ano/1cuatri/sistemas_distribuidos/practicas/p4/Ruben_Bautista/ros_ws/src/sdc_p4/src/bully.cpp:313:16:[m[K [01;31m[Kerror: [m[Kâ€˜[01m[KNodeState[m[Kâ€™ has not been declared
[5.649s]   313 |   change_state([01;31m[KNodeState[m[K::LEADER);
[5.650s]       |                [01;31m[K^~~~~~~~~[m[K
[5.661s] [01m[K/home/rubenb/uni/5_ano/1cuatri/sistemas_distribuidos/practicas/p4/Ruben_Bautista/ros_ws/src/sdc_p4/src/bully.cpp:313:3:[m[K [01;31m[Kerror: [m[Kâ€˜[01m[Kchange_state[m[Kâ€™ was not declared in this scope
[5.661s]   313 |   [01;31m[Kchange_state[m[K(NodeState::LEADER);
[5.661s]       |   [01;31m[K^~~~~~~~~~~~[m[K
[5.662s] [01m[K/home/rubenb/uni/5_ano/1cuatri/sistemas_distribuidos/practicas/p4/Ruben_Bautista/ros_ws/src/sdc_p4/src/bully.cpp:316:15:[m[K [01;31m[Kerror: [m[Kâ€˜[01m[Kget_logger[m[Kâ€™ was not declared in this scope; did you mean â€˜[01m[Krclcpp::get_logger[m[Kâ€™?
[5.662s]   316 |   RCLCPP_INFO([01;31m[Kget_logger[m[K(), "[%s] I'm the new leader", role_str_.c_str());
[5.662s]       |               [01;31m[K^~~~~~~~~~[m[K
[5.663s] [01m[K/opt/ros/rolling/include/rclcpp/rclcpp/logger.hpp:136:17:[m[K [01;36m[Knote: [m[Kâ€˜[01m[Krclcpp::get_logger[m[Kâ€™ declared here
[5.663s]   136 |   friend Logger [01;36m[Krclcpp[m[K::get_logger(const std::string & name);
[5.663s]       |                 [01;36m[K^~~~~~[m[K
[5.663s] [01m[K/home/rubenb/uni/5_ano/1cuatri/sistemas_distribuidos/practicas/p4/Ruben_Bautista/ros_ws/src/sdc_p4/src/bully.cpp:316:3:[m[K [01;31m[Kerror: [m[Ktemplate argument 1 is invalid
[5.663s]   316 |   [01;31m[KRCLCPP_INFO[m[K(get_logger(), "[%s] I'm the new leader", role_str_.c_str());
[5.663s]       |   [01;31m[K^~~~~~~~~~~[m[K
[5.663s] [01m[K/home/rubenb/uni/5_ano/1cuatri/sistemas_distribuidos/practicas/p4/Ruben_Bautista/ros_ws/src/sdc_p4/src/bully.cpp:316:3:[m[K [01;31m[Kerror: [m[Ktemplate argument 1 is invalid
[5.664s]   316 |   [01;31m[KRCLCPP_INFO[m[K(get_logger(), "[%s] I'm the new leader", role_str_.c_str());
[5.664s]       |   [01;31m[K^~~~~~~~~~~[m[K
[5.664s] [01m[K/home/rubenb/uni/5_ano/1cuatri/sistemas_distribuidos/practicas/p4/Ruben_Bautista/ros_ws/src/sdc_p4/src/bully.cpp:316:3:[m[K [01;31m[Kerror: [m[Ktemplate argument 1 is invalid
[5.664s]   316 |   [01;31m[KRCLCPP_INFO[m[K(get_logger(), "[%s] I'm the new leader", role_str_.c_str());
[5.664s]       |   [01;31m[K^~~~~~~~~~~[m[K
[5.672s] [01m[K/home/rubenb/uni/5_ano/1cuatri/sistemas_distribuidos/practicas/p4/Ruben_Bautista/ros_ws/src/sdc_p4/src/bully.cpp:316:56:[m[K [01;31m[Kerror: [m[Kâ€˜[01m[Krole_str_[m[Kâ€™ was not declared in this scope
[5.672s]   316 |   RCLCPP_INFO(get_logger(), "[%s] I'm the new leader", [01;31m[Krole_str_[m[K.c_str());
[5.673s]       |                                                        [01;31m[K^~~~~~~~~[m[K
[5.684s] [01m[K/home/rubenb/uni/5_ano/1cuatri/sistemas_distribuidos/practicas/p4/Ruben_Bautista/ros_ws/src/sdc_p4/src/bully.cpp:319:3:[m[K [01;31m[Kerror: [m[Kâ€˜[01m[Kstart_heartbeat[m[Kâ€™ was not declared in this scope
[5.684s]   319 |   [01;31m[Kstart_heartbeat[m[K();
[5.685s]       |   [01;31m[K^~~~~~~~~~~~~~~[m[K
[5.694s] [01m[K/home/rubenb/uni/5_ano/1cuatri/sistemas_distribuidos/practicas/p4/Ruben_Bautista/ros_ws/src/sdc_p4/src/bully.cpp:321:3:[m[K [01;31m[Kerror: [m[Kâ€˜[01m[Kreset_election[m[Kâ€™ was not declared in this scope; did you mean â€˜[01m[Kstart_election[m[Kâ€™?
[5.694s]   321 |   [01;31m[Kreset_election[m[K();
[5.694s]       |   [01;31m[K^~~~~~~~~~~~~~[m[K
[5.695s]       |   [32m[Kstart_election[m[K
[5.695s] [01m[K/home/rubenb/uni/5_ano/1cuatri/sistemas_distribuidos/practicas/p4/Ruben_Bautista/ros_ws/src/sdc_p4/src/bully.cpp:[m[K At global scope:
[5.695s] [01m[K/home/rubenb/uni/5_ano/1cuatri/sistemas_distribuidos/practicas/p4/Ruben_Bautista/ros_ws/src/sdc_p4/src/bully.cpp:324:6:[m[K [01;31m[Kerror: [m[Kâ€˜[01m[KBullyNode[m[Kâ€™ has not been declared
[5.695s]   324 | void [01;31m[KBullyNode[m[K::handle_new_leader(const std_msgs::msg::Int32::SharedPtr msg)
[5.695s]       |      [01;31m[K^~~~~~~~~[m[K
[5.701s] [01m[K/home/rubenb/uni/5_ano/1cuatri/sistemas_distribuidos/practicas/p4/Ruben_Bautista/ros_ws/src/sdc_p4/src/bully.cpp:[m[K In function â€˜[01m[Kvoid[01;32m[K handle_new_leader[m[K(std_msgs::msg::Int32_<std::allocator<void> >::SharedPtr)[m[Kâ€™:
[5.701s] [01m[K/home/rubenb/uni/5_ano/1cuatri/sistemas_distribuidos/practicas/p4/Ruben_Bautista/ros_ws/src/sdc_p4/src/bully.cpp:331:25:[m[K [01;31m[Kerror: [m[Kâ€˜[01m[Kpid_[m[Kâ€™ was not declared in this scope; did you mean â€˜[01m[Kpid_t[m[Kâ€™?
[5.702s]   331 |   if (new_leader_pid == [01;31m[Kpid_[m[K) {
[5.702s]       |                         [01;31m[K^~~~[m[K
[5.702s]       |                         [32m[Kpid_t[m[K
[5.708s] [01m[K/home/rubenb/uni/5_ano/1cuatri/sistemas_distribuidos/practicas/p4/Ruben_Bautista/ros_ws/src/sdc_p4/src/bully.cpp:337:24:[m[K [01;31m[Kerror: [m[Kâ€˜[01m[Kpid_[m[Kâ€™ was not declared in this scope; did you mean â€˜[01m[Kpid_t[m[Kâ€™?
[5.708s]   337 |   if (new_leader_pid > [01;31m[Kpid_[m[K) {
[5.708s]       |                        [01;31m[K^~~~[m[K
[5.708s]       |                        [32m[Kpid_t[m[K
[5.709s] [01m[K/home/rubenb/uni/5_ano/1cuatri/sistemas_distribuidos/practicas/p4/Ruben_Bautista/ros_ws/src/sdc_p4/src/bully.cpp:338:17:[m[K [01;31m[Kerror: [m[Kâ€˜[01m[Kget_logger[m[Kâ€™ was not declared in this scope; did you mean â€˜[01m[Krclcpp::get_logger[m[Kâ€™?
[5.709s]   338 |     RCLCPP_INFO([01;31m[Kget_logger[m[K(), "[%s] There is a new leader %d",
[5.709s]       |                 [01;31m[K^~~~~~~~~~[m[K
[5.709s] [01m[K/opt/ros/rolling/include/rclcpp/rclcpp/logger.hpp:136:17:[m[K [01;36m[Knote: [m[Kâ€˜[01m[Krclcpp::get_logger[m[Kâ€™ declared here
[5.709s]   136 |   friend Logger [01;36m[Krclcpp[m[K::get_logger(const std::string & name);
[5.710s]       |                 [01;36m[K^~~~~~[m[K
[5.710s] [01m[K/home/rubenb/uni/5_ano/1cuatri/sistemas_distribuidos/practicas/p4/Ruben_Bautista/ros_ws/src/sdc_p4/src/bully.cpp:338:5:[m[K [01;31m[Kerror: [m[Ktemplate argument 1 is invalid
[5.710s]   338 |     [01;31m[KRCLCPP_INFO[m[K(get_logger(), "[%s] There is a new leader %d",
[5.710s]       |     [01;31m[K^~~~~~~~~~~[m[K
[5.710s] [01m[K/home/rubenb/uni/5_ano/1cuatri/sistemas_distribuidos/practicas/p4/Ruben_Bautista/ros_ws/src/sdc_p4/src/bully.cpp:338:5:[m[K [01;31m[Kerror: [m[Ktemplate argument 1 is invalid
[5.710s]   338 |     [01;31m[KRCLCPP_INFO[m[K(get_logger(), "[%s] There is a new leader %d",
[5.710s]       |     [01;31m[K^~~~~~~~~~~[m[K
[5.710s] [01m[K/home/rubenb/uni/5_ano/1cuatri/sistemas_distribuidos/practicas/p4/Ruben_Bautista/ros_ws/src/sdc_p4/src/bully.cpp:338:5:[m[K [01;31m[Kerror: [m[Ktemplate argument 1 is invalid
[5.711s]   338 |     [01;31m[KRCLCPP_INFO[m[K(get_logger(), "[%s] There is a new leader %d",
[5.711s]       |     [01;31m[K^~~~~~~~~~~[m[K
[5.718s] [01m[K/home/rubenb/uni/5_ano/1cuatri/sistemas_distribuidos/practicas/p4/Ruben_Bautista/ros_ws/src/sdc_p4/src/bully.cpp:339:17:[m[K [01;31m[Kerror: [m[Kâ€˜[01m[Krole_str_[m[Kâ€™ was not declared in this scope
[5.718s]   339 |                 [01;31m[Krole_str_[m[K.c_str(), new_leader_pid);
[5.718s]       |                 [01;31m[K^~~~~~~~~[m[K
[5.730s] [01m[K/home/rubenb/uni/5_ano/1cuatri/sistemas_distribuidos/practicas/p4/Ruben_Bautista/ros_ws/src/sdc_p4/src/bully.cpp:342:9:[m[K [01;31m[Kerror: [m[Kâ€˜[01m[Kcurrent_state_[m[Kâ€™ was not declared in this scope
[5.730s]   342 |     if ([01;31m[Kcurrent_state_[m[K == NodeState::LEADER) {
[5.730s]       |         [01;31m[K^~~~~~~~~~~~~~[m[K
[5.731s] [01m[K/home/rubenb/uni/5_ano/1cuatri/sistemas_distribuidos/practicas/p4/Ruben_Bautista/ros_ws/src/sdc_p4/src/bully.cpp:342:27:[m[K [01;31m[Kerror: [m[Kâ€˜[01m[KNodeState[m[Kâ€™ has not been declared
[5.731s]   342 |     if (current_state_ == [01;31m[KNodeState[m[K::LEADER) {
[5.731s]       |                           [01;31m[K^~~~~~~~~[m[K
[5.745s] [01m[K/home/rubenb/uni/5_ano/1cuatri/sistemas_distribuidos/practicas/p4/Ruben_Bautista/ros_ws/src/sdc_p4/src/bully.cpp:343:11:[m[K [01;31m[Kerror: [m[Kâ€˜[01m[Kheartbeat_timer_[m[Kâ€™ was not declared in this scope
[5.745s]   343 |       if ([01;31m[Kheartbeat_timer_[m[K) {
[5.745s]       |           [01;31m[K^~~~~~~~~~~~~~~~[m[K
[5.745s] [01m[K/home/rubenb/uni/5_ano/1cuatri/sistemas_distribuidos/practicas/p4/Ruben_Bautista/ros_ws/src/sdc_p4/src/bully.cpp:348:18:[m[K [01;31m[Kerror: [m[Kâ€˜[01m[KNodeState[m[Kâ€™ has not been declared
[5.745s]   348 |     change_state([01;31m[KNodeState[m[K::FOLLOWER);
[5.745s]       |                  [01;31m[K^~~~~~~~~[m[K
[5.755s] [01m[K/home/rubenb/uni/5_ano/1cuatri/sistemas_distribuidos/practicas/p4/Ruben_Bautista/ros_ws/src/sdc_p4/src/bully.cpp:348:5:[m[K [01;31m[Kerror: [m[Kâ€˜[01m[Kchange_state[m[Kâ€™ was not declared in this scope
[5.755s]   348 |     [01;31m[Kchange_state[m[K(NodeState::FOLLOWER);
[5.755s]       |     [01;31m[K^~~~~~~~~~~~[m[K
[5.764s] [01m[K/home/rubenb/uni/5_ano/1cuatri/sistemas_distribuidos/practicas/p4/Ruben_Bautista/ros_ws/src/sdc_p4/src/bully.cpp:349:5:[m[K [01;31m[Kerror: [m[Kâ€˜[01m[Kreset_election[m[Kâ€™ was not declared in this scope; did you mean â€˜[01m[Kstart_election[m[Kâ€™?
[5.764s]   349 |     [01;31m[Kreset_election[m[K();
[5.764s]       |     [01;31m[K^~~~~~~~~~~~~~[m[K
[5.764s]       |     [32m[Kstart_election[m[K
[5.778s] [01m[K/home/rubenb/uni/5_ano/1cuatri/sistemas_distribuidos/practicas/p4/Ruben_Bautista/ros_ws/src/sdc_p4/src/bully.cpp:352:5:[m[K [01;31m[Kerror: [m[Kâ€˜[01m[Klast_heartbeat_time_[m[Kâ€™ was not declared in this scope
[5.778s]   352 |     [01;31m[Klast_heartbeat_time_[m[K = now();
[5.778s]       |     [01;31m[K^~~~~~~~~~~~~~~~~~~~[m[K
[5.784s] [01m[K/home/rubenb/uni/5_ano/1cuatri/sistemas_distribuidos/practicas/p4/Ruben_Bautista/ros_ws/src/sdc_p4/src/bully.cpp:352:28:[m[K [01;31m[Kerror: [m[Kâ€˜[01m[Know[m[Kâ€™ was not declared in this scope; did you mean â€˜[01m[Kpow[m[Kâ€™?
[5.784s]   352 |     last_heartbeat_time_ = [01;31m[Know[m[K();
[5.784s]       |                            [01;31m[K^~~[m[K
[5.784s]       |                            [32m[Kpow[m[K
[5.793s] [01m[K/home/rubenb/uni/5_ano/1cuatri/sistemas_distribuidos/practicas/p4/Ruben_Bautista/ros_ws/src/sdc_p4/src/bully.cpp:353:9:[m[K [01;31m[Kerror: [m[Kâ€˜[01m[Ktimeout_timer_[m[Kâ€™ was not declared in this scope
[5.793s]   353 |     if ([01;31m[Ktimeout_timer_[m[K) {
[5.794s]       |         [01;31m[K^~~~~~~~~~~~~~[m[K
[5.803s] [01m[K/home/rubenb/uni/5_ano/1cuatri/sistemas_distribuidos/practicas/p4/Ruben_Bautista/ros_ws/src/sdc_p4/src/bully.cpp:356:5:[m[K [01;31m[Kerror: [m[Kâ€˜[01m[Ktimeout_timer_[m[Kâ€™ was not declared in this scope
[5.803s]   356 |     [01;31m[Ktimeout_timer_[m[K = create_wall_timer(
[5.803s]       |     [01;31m[K^~~~~~~~~~~~~~[m[K
[5.816s] [01m[K/home/rubenb/uni/5_ano/1cuatri/sistemas_distribuidos/practicas/p4/Ruben_Bautista/ros_ws/src/sdc_p4/src/bully.cpp:357:33:[m[K [01;31m[Kerror: [m[Kâ€˜[01m[KHEARTBEAT_TIMEOUT[m[Kâ€™ was not declared in this scope
[5.816s]   357 |       std::chrono::milliseconds([01;31m[KHEARTBEAT_TIMEOUT[m[K),
[5.816s]       |                                 [01;31m[K^~~~~~~~~~~~~~~~~[m[K
[5.816s] [01m[K/home/rubenb/uni/5_ano/1cuatri/sistemas_distribuidos/practicas/p4/Ruben_Bautista/ros_ws/src/sdc_p4/src/bully.cpp:358:18:[m[K [01;31m[Kerror: [m[Kâ€˜[01m[KBullyNode[m[Kâ€™ has not been declared
[5.816s]   358 |       std::bind(&[01;31m[KBullyNode[m[K::timeout_callback, this));
[5.816s]       |                  [01;31m[K^~~~~~~~~[m[K
[5.817s] [01m[K/home/rubenb/uni/5_ano/1cuatri/sistemas_distribuidos/practicas/p4/Ruben_Bautista/ros_ws/src/sdc_p4/src/bully.cpp:358:47:[m[K [01;31m[Kerror: [m[Kinvalid use of â€˜[01m[Kthis[m[Kâ€™ in non-member function
[5.817s]   358 |       std::bind(&BullyNode::timeout_callback, [01;31m[Kthis[m[K));
[5.817s]       |                                               [01;31m[K^~~~[m[K
[5.817s] [01m[K/home/rubenb/uni/5_ano/1cuatri/sistemas_distribuidos/practicas/p4/Ruben_Bautista/ros_ws/src/sdc_p4/src/bully.cpp:356:22:[m[K [01;31m[Kerror: [m[Kâ€˜[01m[Kcreate_wall_timer[m[Kâ€™ was not declared in this scope; did you mean â€˜[01m[Krclcpp::create_wall_timer[m[Kâ€™?
[5.817s]   356 |     timeout_timer_ = [01;31m[Kcreate_wall_timer[m[K(
[5.817s]       |                      [01;31m[K^~~~~~~~~~~~~~~~~[m[K
[5.818s]       |                      [32m[Krclcpp::create_wall_timer[m[K
[5.818s] [01m[K/opt/ros/rolling/include/rclcpp/rclcpp/create_timer.hpp:191:1:[m[K [01;36m[Knote: [m[Kâ€˜[01m[Krclcpp::create_wall_timer[m[Kâ€™ declared here
[5.818s]   191 | [01;36m[Kcreate_wall_timer[m[K(
[5.818s]       | [01;36m[K^~~~~~~~~~~~~~~~~[m[K
[5.818s] [01m[K/home/rubenb/uni/5_ano/1cuatri/sistemas_distribuidos/practicas/p4/Ruben_Bautista/ros_ws/src/sdc_p4/src/bully.cpp:[m[K At global scope:
[5.818s] [01m[K/home/rubenb/uni/5_ano/1cuatri/sistemas_distribuidos/practicas/p4/Ruben_Bautista/ros_ws/src/sdc_p4/src/bully.cpp:362:6:[m[K [01;31m[Kerror: [m[Kâ€˜[01m[KBullyNode[m[Kâ€™ has not been declared
[5.818s]   362 | void [01;31m[KBullyNode[m[K::reset_election()
[5.818s]       |      [01;31m[K^~~~~~~~~[m[K
[5.833s] [01m[K/home/rubenb/uni/5_ano/1cuatri/sistemas_distribuidos/practicas/p4/Ruben_Bautista/ros_ws/src/sdc_p4/src/bully.cpp:[m[K In function â€˜[01m[Kvoid[01;32m[K reset_election[m[K()[m[Kâ€™:
[5.833s] [01m[K/home/rubenb/uni/5_ano/1cuatri/sistemas_distribuidos/practicas/p4/Ruben_Bautista/ros_ws/src/sdc_p4/src/bully.cpp:364:3:[m[K [01;31m[Kerror: [m[Kâ€˜[01m[Kelection_in_progress_[m[Kâ€™ was not declared in this scope
[5.833s]   364 |   [01;31m[Kelection_in_progress_[m[K = false;
[5.833s]       |   [01;31m[K^~~~~~~~~~~~~~~~~~~~~[m[K
[5.845s] [01m[K/home/rubenb/uni/5_ano/1cuatri/sistemas_distribuidos/practicas/p4/Ruben_Bautista/ros_ws/src/sdc_p4/src/bully.cpp:365:3:[m[K [01;31m[Kerror: [m[Kâ€˜[01m[Ki_started_election_[m[Kâ€™ was not declared in this scope; did you mean â€˜[01m[Kstart_election[m[Kâ€™?
[5.845s]   365 |   [01;31m[Ki_started_election_[m[K = false;
[5.845s]       |   [01;31m[K^~~~~~~~~~~~~~~~~~~[m[K
[5.845s]       |   [32m[Kstart_election[m[K
[5.854s] [01m[K/home/rubenb/uni/5_ano/1cuatri/sistemas_distribuidos/practicas/p4/Ruben_Bautista/ros_ws/src/sdc_p4/src/bully.cpp:366:3:[m[K [01;31m[Kerror: [m[Kâ€˜[01m[Kcandidates_[m[Kâ€™ was not declared in this scope
[5.854s]   366 |   [01;31m[Kcandidates_[m[K.clear();
[5.855s]       |   [01;31m[K^~~~~~~~~~~[m[K
[5.871s] [01m[K/home/rubenb/uni/5_ano/1cuatri/sistemas_distribuidos/practicas/p4/Ruben_Bautista/ros_ws/src/sdc_p4/src/bully.cpp:367:3:[m[K [01;31m[Kerror: [m[Kâ€˜[01m[Khighest_candidate_pid_[m[Kâ€™ was not declared in this scope
[5.871s]   367 |   [01;31m[Khighest_candidate_pid_[m[K = -1;
[5.871s]       |   [01;31m[K^~~~~~~~~~~~~~~~~~~~~~[m[K
[5.882s] [01m[K/home/rubenb/uni/5_ano/1cuatri/sistemas_distribuidos/practicas/p4/Ruben_Bautista/ros_ws/src/sdc_p4/src/bully.cpp:369:7:[m[K [01;31m[Kerror: [m[Kâ€˜[01m[Kelection_timer_[m[Kâ€™ was not declared in this scope
[5.882s]   369 |   if ([01;31m[Kelection_timer_[m[K) {
[5.883s]       |       [01;31m[K^~~~~~~~~~~~~~~[m[K
[5.883s] [01m[K/home/rubenb/uni/5_ano/1cuatri/sistemas_distribuidos/practicas/p4/Ruben_Bautista/ros_ws/src/sdc_p4/src/bully.cpp:[m[K At global scope:
[5.883s] [01m[K/home/rubenb/uni/5_ano/1cuatri/sistemas_distribuidos/practicas/p4/Ruben_Bautista/ros_ws/src/sdc_p4/src/bully.cpp:375:6:[m[K [01;31m[Kerror: [m[Kâ€˜[01m[KBullyNode[m[Kâ€™ has not been declared
[5.883s]   375 | void [01;31m[KBullyNode[m[K::start_heartbeat()
[5.883s]       |      [01;31m[K^~~~~~~~~[m[K
[5.893s] [01m[K/home/rubenb/uni/5_ano/1cuatri/sistemas_distribuidos/practicas/p4/Ruben_Bautista/ros_ws/src/sdc_p4/src/bully.cpp:[m[K In function â€˜[01m[Kvoid[01;32m[K start_heartbeat[m[K()[m[Kâ€™:
[5.893s] [01m[K/home/rubenb/uni/5_ano/1cuatri/sistemas_distribuidos/practicas/p4/Ruben_Bautista/ros_ws/src/sdc_p4/src/bully.cpp:378:7:[m[K [01;31m[Kerror: [m[Kâ€˜[01m[Ktimeout_timer_[m[Kâ€™ was not declared in this scope
[5.893s]   378 |   if ([01;31m[Ktimeout_timer_[m[K) {
[5.893s]       |       [01;31m[K^~~~~~~~~~~~~~[m[K
[5.904s] [01m[K/home/rubenb/uni/5_ano/1cuatri/sistemas_distribuidos/practicas/p4/Ruben_Bautista/ros_ws/src/sdc_p4/src/bully.cpp:383:7:[m[K [01;31m[Kerror: [m[Kâ€˜[01m[Kheartbeat_timer_[m[Kâ€™ was not declared in this scope
[5.904s]   383 |   if ([01;31m[Kheartbeat_timer_[m[K) {
[5.904s]       |       [01;31m[K^~~~~~~~~~~~~~~~[m[K
[5.915s] [01m[K/home/rubenb/uni/5_ano/1cuatri/sistemas_distribuidos/practicas/p4/Ruben_Bautista/ros_ws/src/sdc_p4/src/bully.cpp:388:3:[m[K [01;31m[Kerror: [m[Kâ€˜[01m[Kheartbeat_timer_[m[Kâ€™ was not declared in this scope
[5.915s]   388 |   [01;31m[Kheartbeat_timer_[m[K = create_wall_timer(
[5.916s]       |   [01;31m[K^~~~~~~~~~~~~~~~[m[K
[5.931s] [01m[K/home/rubenb/uni/5_ano/1cuatri/sistemas_distribuidos/practicas/p4/Ruben_Bautista/ros_ws/src/sdc_p4/src/bully.cpp:389:31:[m[K [01;31m[Kerror: [m[Kâ€˜[01m[KHEARTBEAT_PERIOD[m[Kâ€™ was not declared in this scope
[5.931s]   389 |     std::chrono::milliseconds([01;31m[KHEARTBEAT_PERIOD[m[K),
[5.932s]       |                               [01;31m[K^~~~~~~~~~~~~~~~[m[K
[5.932s] [01m[K/home/rubenb/uni/5_ano/1cuatri/sistemas_distribuidos/practicas/p4/Ruben_Bautista/ros_ws/src/sdc_p4/src/bully.cpp:390:6:[m[K [01;31m[Kerror: [m[Kinvalid use of â€˜[01m[Kthis[m[Kâ€™ in non-member function
[5.932s]   390 |     [[01;31m[Kthis[m[K]() {
[5.933s]       |      [01;31m[K^~~~[m[K
[5.933s] [01m[K/home/rubenb/uni/5_ano/1cuatri/sistemas_distribuidos/practicas/p4/Ruben_Bautista/ros_ws/src/sdc_p4/src/bully.cpp:[m[K In lambda function:
[5.933s] [01m[K/home/rubenb/uni/5_ano/1cuatri/sistemas_distribuidos/practicas/p4/Ruben_Bautista/ros_ws/src/sdc_p4/src/bully.cpp:391:11:[m[K [01;31m[Kerror: [m[Kâ€˜[01m[Kthis[m[Kâ€™ was not captured for this lambda function
[5.933s]   391 |       if ([01;31m[Kthis[m[K->current_state_ == NodeState::LEADER) {
[5.934s]       |           [01;31m[K^~~~[m[K
[5.934s] [01m[K/home/rubenb/uni/5_ano/1cuatri/sistemas_distribuidos/practicas/p4/Ruben_Bautista/ros_ws/src/sdc_p4/src/bully.cpp:391:35:[m[K [01;31m[Kerror: [m[Kâ€˜[01m[KNodeState[m[Kâ€™ has not been declared
[5.934s]   391 |       if (this->current_state_ == [01;31m[KNodeState[m[K::LEADER) {
[5.935s]       |                                   [01;31m[K^~~~~~~~~[m[K
[5.935s] [01m[K/home/rubenb/uni/5_ano/1cuatri/sistemas_distribuidos/practicas/p4/Ruben_Bautista/ros_ws/src/sdc_p4/src/bully.cpp:393:20:[m[K [01;31m[Kerror: [m[Kâ€˜[01m[Kthis[m[Kâ€™ was not captured for this lambda function
[5.935s]   393 |         msg.data = [01;31m[Kthis[m[K->get_current_epoch();
[5.935s]       |                    [01;31m[K^~~~[m[K
[5.936s] [01m[K/home/rubenb/uni/5_ano/1cuatri/sistemas_distribuidos/practicas/p4/Ruben_Bautista/ros_ws/src/sdc_p4/src/bully.cpp:394:9:[m[K [01;31m[Kerror: [m[Kâ€˜[01m[Kthis[m[Kâ€™ was not captured for this lambda function
[5.936s]   394 |         [01;31m[Kthis[m[K->heartbeat_pub_->publish(msg);
[5.936s]       |         [01;31m[K^~~~[m[K
[5.936s] [01m[K/home/rubenb/uni/5_ano/1cuatri/sistemas_distribuidos/practicas/p4/Ruben_Bautista/ros_ws/src/sdc_p4/src/bully.cpp:396:21:[m[K [01;31m[Kerror: [m[Kinvalid use of â€˜[01m[Kthis[m[Kâ€™ in non-member function
[5.936s]   396 |         RCLCPP_INFO([01;31m[Kthis[m[K->get_logger(), "[%s] Sending heartbeat", this->role_str_.c_str());
[5.937s]       |                     [01;31m[K^~~~[m[K
[5.937s] [01m[K/home/rubenb/uni/5_ano/1cuatri/sistemas_distribuidos/practicas/p4/Ruben_Bautista/ros_ws/src/sdc_p4/src/bully.cpp:396:21:[m[K [01;31m[Kerror: [m[Kinvalid use of â€˜[01m[Kthis[m[Kâ€™ in non-member function
[5.937s] [01m[K/home/rubenb/uni/5_ano/1cuatri/sistemas_distribuidos/practicas/p4/Ruben_Bautista/ros_ws/src/sdc_p4/src/bully.cpp:396:9:[m[K [01;31m[Kerror: [m[Ktemplate argument 1 is invalid
[5.937s]   396 |         [01;31m[KRCLCPP_INFO[m[K(this->get_logger(), "[%s] Sending heartbeat", this->role_str_.c_str());
[5.937s]       |         [01;31m[K^~~~~~~~~~~[m[K
[5.938s] [01m[K/home/rubenb/uni/5_ano/1cuatri/sistemas_distribuidos/practicas/p4/Ruben_Bautista/ros_ws/src/sdc_p4/src/bully.cpp:396:9:[m[K [01;31m[Kerror: [m[Ktemplate argument 1 is invalid
[5.938s]   396 |         [01;31m[KRCLCPP_INFO[m[K(this->get_logger(), "[%s] Sending heartbeat", this->role_str_.c_str());
[5.938s]       |         [01;31m[K^~~~~~~~~~~[m[K
[5.938s] [01m[K/home/rubenb/uni/5_ano/1cuatri/sistemas_distribuidos/practicas/p4/Ruben_Bautista/ros_ws/src/sdc_p4/src/bully.cpp:396:9:[m[K [01;31m[Kerror: [m[Ktemplate argument 1 is invalid
[5.938s]   396 |         [01;31m[KRCLCPP_INFO[m[K(this->get_logger(), "[%s] Sending heartbeat", this->role_str_.c_str());
[5.939s]       |         [01;31m[K^~~~~~~~~~~[m[K
[5.939s] [01m[K/home/rubenb/uni/5_ano/1cuatri/sistemas_distribuidos/practicas/p4/Ruben_Bautista/ros_ws/src/sdc_p4/src/bully.cpp:396:21:[m[K [01;31m[Kerror: [m[Kâ€˜[01m[Kthis[m[Kâ€™ was not captured for this lambda function
[5.939s]   396 |         RCLCPP_INFO([01;31m[Kthis[m[K->get_logger(), "[%s] Sending heartbeat", this->role_str_.c_str());
[5.939s]       |                     [01;31m[K^~~~[m[K
[5.939s] [01m[K/home/rubenb/uni/5_ano/1cuatri/sistemas_distribuidos/practicas/p4/Ruben_Bautista/ros_ws/src/sdc_p4/src/bully.cpp:396:21:[m[K [01;31m[Kerror: [m[Kâ€˜[01m[Kthis[m[Kâ€™ was not captured for this lambda function
[5.940s]   396 |         RCLCPP_INFO([01;31m[Kthis[m[K->get_logger(), "[%s] Sending heartbeat", this->role_str_.c_str());
[5.940s]       |                     [01;31m[K^~~~[m[K
[5.940s] [01m[K/home/rubenb/uni/5_ano/1cuatri/sistemas_distribuidos/practicas/p4/Ruben_Bautista/ros_ws/src/sdc_p4/src/bully.cpp:396:67:[m[K [01;31m[Kerror: [m[Kâ€˜[01m[Kthis[m[Kâ€™ was not captured for this lambda function
[5.940s]   396 |         RCLCPP_INFO(this->get_logger(), "[%s] Sending heartbeat", [01;31m[Kthis[m[K->role_str_.c_str());
[5.940s]       |                                                                   [01;31m[K^~~~[m[K
[5.940s] [01m[K/home/rubenb/uni/5_ano/1cuatri/sistemas_distribuidos/practicas/p4/Ruben_Bautista/ros_ws/src/sdc_p4/src/bully.cpp:[m[K In function â€˜[01m[Kvoid[01;32m[K start_heartbeat[m[K()[m[Kâ€™:
[5.941s] [01m[K/home/rubenb/uni/5_ano/1cuatri/sistemas_distribuidos/practicas/p4/Ruben_Bautista/ros_ws/src/sdc_p4/src/bully.cpp:388:22:[m[K [01;31m[Kerror: [m[Kâ€˜[01m[Kcreate_wall_timer[m[Kâ€™ was not declared in this scope; did you mean â€˜[01m[Krclcpp::create_wall_timer[m[Kâ€™?
[5.941s]   388 |   heartbeat_timer_ = [01;31m[Kcreate_wall_timer[m[K(
[5.941s]       |                      [01;31m[K^~~~~~~~~~~~~~~~~[m[K
[5.941s]       |                      [32m[Krclcpp::create_wall_timer[m[K
[5.942s] [01m[K/opt/ros/rolling/include/rclcpp/rclcpp/create_timer.hpp:191:1:[m[K [01;36m[Knote: [m[Kâ€˜[01m[Krclcpp::create_wall_timer[m[Kâ€™ declared here
[5.942s]   191 | [01;36m[Kcreate_wall_timer[m[K(
[5.942s]       | [01;36m[K^~~~~~~~~~~~~~~~~[m[K
[5.948s] [01m[K/home/rubenb/uni/5_ano/1cuatri/sistemas_distribuidos/practicas/p4/Ruben_Bautista/ros_ws/src/sdc_p4/src/bully.cpp:401:7:[m[K [01;31m[Kerror: [m[Kâ€˜[01m[Kcurrent_state_[m[Kâ€™ was not declared in this scope
[5.948s]   401 |   if ([01;31m[Kcurrent_state_[m[K == NodeState::LEADER) {
[5.948s]       |       [01;31m[K^~~~~~~~~~~~~~[m[K
[5.948s] [01m[K/home/rubenb/uni/5_ano/1cuatri/sistemas_distribuidos/practicas/p4/Ruben_Bautista/ros_ws/src/sdc_p4/src/bully.cpp:401:25:[m[K [01;31m[Kerror: [m[Kâ€˜[01m[KNodeState[m[Kâ€™ has not been declared
[5.949s]   401 |   if (current_state_ == [01;31m[KNodeState[m[K::LEADER) {
[5.949s]       |                         [01;31m[K^~~~~~~~~[m[K
[5.960s] [01m[K/home/rubenb/uni/5_ano/1cuatri/sistemas_distribuidos/practicas/p4/Ruben_Bautista/ros_ws/src/sdc_p4/src/bully.cpp:404:5:[m[K [01;31m[Kerror: [m[Kâ€˜[01m[Kheartbeat_pub_[m[Kâ€™ was not declared in this scope
[5.960s]   404 |     [01;31m[Kheartbeat_pub_[m[K->publish(msg);
[5.960s]       |     [01;31m[K^~~~~~~~~~~~~~[m[K
[5.961s] [01m[K/home/rubenb/uni/5_ano/1cuatri/sistemas_distribuidos/practicas/p4/Ruben_Bautista/ros_ws/src/sdc_p4/src/bully.cpp:406:17:[m[K [01;31m[Kerror: [m[Kâ€˜[01m[Kget_logger[m[Kâ€™ was not declared in this scope; did you mean â€˜[01m[Krclcpp::get_logger[m[Kâ€™?
[5.961s]   406 |     RCLCPP_INFO([01;31m[Kget_logger[m[K(), "[%s] Sending heartbeat", role_str_.c_str());
[5.961s]       |                 [01;31m[K^~~~~~~~~~[m[K
[5.961s] [01m[K/opt/ros/rolling/include/rclcpp/rclcpp/logger.hpp:136:17:[m[K [01;36m[Knote: [m[Kâ€˜[01m[Krclcpp::get_logger[m[Kâ€™ declared here
[5.962s]   136 |   friend Logger [01;36m[Krclcpp[m[K::get_logger(const std::string & name);
[5.962s]       |                 [01;36m[K^~~~~~[m[K
[5.962s] [01m[K/home/rubenb/uni/5_ano/1cuatri/sistemas_distribuidos/practicas/p4/Ruben_Bautista/ros_ws/src/sdc_p4/src/bully.cpp:406:5:[m[K [01;31m[Kerror: [m[Ktemplate argument 1 is invalid
[5.962s]   406 |     [01;31m[KRCLCPP_INFO[m[K(get_logger(), "[%s] Sending heartbeat", role_str_.c_str());
[5.962s]       |     [01;31m[K^~~~~~~~~~~[m[K
[5.963s] [01m[K/home/rubenb/uni/5_ano/1cuatri/sistemas_distribuidos/practicas/p4/Ruben_Bautista/ros_ws/src/sdc_p4/src/bully.cpp:406:5:[m[K [01;31m[Kerror: [m[Ktemplate argument 1 is invalid
[5.963s]   406 |     [01;31m[KRCLCPP_INFO[m[K(get_logger(), "[%s] Sending heartbeat", role_str_.c_str());
[5.963s]       |     [01;31m[K^~~~~~~~~~~[m[K
[5.963s] [01m[K/home/rubenb/uni/5_ano/1cuatri/sistemas_distribuidos/practicas/p4/Ruben_Bautista/ros_ws/src/sdc_p4/src/bully.cpp:406:5:[m[K [01;31m[Kerror: [m[Ktemplate argument 1 is invalid
[5.963s]   406 |     [01;31m[KRCLCPP_INFO[m[K(get_logger(), "[%s] Sending heartbeat", role_str_.c_str());
[5.964s]       |     [01;31m[K^~~~~~~~~~~[m[K
[5.970s] [01m[K/home/rubenb/uni/5_ano/1cuatri/sistemas_distribuidos/practicas/p4/Ruben_Bautista/ros_ws/src/sdc_p4/src/bully.cpp:406:57:[m[K [01;31m[Kerror: [m[Kâ€˜[01m[Krole_str_[m[Kâ€™ was not declared in this scope
[5.971s]   406 |     RCLCPP_INFO(get_logger(), "[%s] Sending heartbeat", [01;31m[Krole_str_[m[K.c_str());
[5.971s]       |                                                         [01;31m[K^~~~~~~~~[m[K
[5.971s] [01m[K/home/rubenb/uni/5_ano/1cuatri/sistemas_distribuidos/practicas/p4/Ruben_Bautista/ros_ws/src/sdc_p4/src/bully.cpp:[m[K At global scope:
[5.971s] [01m[K/home/rubenb/uni/5_ano/1cuatri/sistemas_distribuidos/practicas/p4/Ruben_Bautista/ros_ws/src/sdc_p4/src/bully.cpp:410:1:[m[K [01;31m[Kerror: [m[Kexpected declaration before â€˜[01m[K}[m[Kâ€™ token
[5.972s]   410 | [01;31m[K}[m[K  // namespace sdc_p4
[5.972s]       | [01;31m[K^[m[K
[11.854s] gmake[2]: *** [CMakeFiles/bully.dir/build.make:76: CMakeFiles/bully.dir/src/bully.cpp.o] Error 1
[11.854s] gmake[1]: *** [CMakeFiles/Makefile2:137: CMakeFiles/bully.dir/all] Error 2
[11.854s] gmake: *** [Makefile:146: all] Error 2
[11.860s] Invoked command in '/home/rubenb/uni/5_ano/1cuatri/sistemas_distribuidos/practicas/p4/Ruben_Bautista/ros_ws/build/sdc_p4' returned '2': CMAKE_PREFIX_PATH=${CMAKE_PREFIX_PATH}:/opt/ros/rolling DEBUGINFOD_URLS=https://debuginfod.ubuntu.com /usr/bin/cmake --build /home/rubenb/uni/5_ano/1cuatri/sistemas_distribuidos/practicas/p4/Ruben_Bautista/ros_ws/build/sdc_p4 -- -j8 -l8
