[01m[K/home/rubenb/uni/5_ano/1cuatri/sistemas_distribuidos/practicas/p4/Ruben_Bautista/ros_ws/src/sdc_p4/src/bully.cpp:[m[K In constructor â€˜[01m[Ksdc_p4::BullyNode::[01;32m[KBullyNode[m[K(const rclcpp::NodeOptions&)[m[Kâ€™:
[01m[K/home/rubenb/uni/5_ano/1cuatri/sistemas_distribuidos/practicas/p4/Ruben_Bautista/ros_ws/src/sdc_p4/src/bully.cpp:80:43:[m[K [01;31m[Kerror: [m[Kno matching function for call to â€˜[01m[Ksdc_p4::BullyNode::create_wall_timer(std::chrono::milliseconds, std::_Bind_helper<false, void (sdc_p4::BullyNode::*)(), sdc_p4::BullyNode*>::type, bool)[m[Kâ€™
   80 |     leader_init_timer_ = [01;31m[Kcreate_wall_timer([m[K
      |                          [01;31m[K~~~~~~~~~~~~~~~~~^[m[K
   81 | [01;31m[K      std::chrono::milliseconds(1000),[m[K
      |       [01;31m[K~~~~~~~~~~~~~~~~~~~~~~~~~~~~~~~~[m[K     
   82 | [01;31m[K      std::bind(&BullyNode::leader_init_callback, this),[m[K
      |       [01;31m[K~~~~~~~~~~~~~~~~~~~~~~~~~~~~~~~~~~~~~~~~~~~~~~~~~~[m[K
   83 | [01;31m[K      true)[m[K;  // oneshot timer
      |       [01;31m[K~~~~~[m[K                                
In file included from [01m[K/opt/ros/rolling/include/rclcpp/rclcpp/node.hpp:1646[m[K,
                 from [01m[K/opt/ros/rolling/include/rclcpp/rclcpp/executors/single_threaded_executor.hpp:28[m[K,
                 from [01m[K/opt/ros/rolling/include/rclcpp/rclcpp/executors.hpp:22[m[K,
                 from [01m[K/opt/ros/rolling/include/rclcpp/rclcpp/rclcpp.hpp:172[m[K,
                 from [01m[K/home/rubenb/uni/5_ano/1cuatri/sistemas_distribuidos/practicas/p4/Ruben_Bautista/ros_ws/src/sdc_p4/include/sdc_p4/bully.hpp:9[m[K,
                 from [01m[K/home/rubenb/uni/5_ano/1cuatri/sistemas_distribuidos/practicas/p4/Ruben_Bautista/ros_ws/src/sdc_p4/src/bully.cpp:6[m[K:
[01m[K/opt/ros/rolling/include/rclcpp/rclcpp/node_impl.hpp:111:1:[m[K [01;36m[Knote: [m[Kcandidate: â€˜[01m[Ktemplate<class DurationRepT, class DurationT, class CallbackT> typename rclcpp::WallTimer<CallbackT>::SharedPtr rclcpp::Node::[01;32m[Kcreate_wall_timer[m[K(std::chrono::duration<_Rep1, _Period1>, CallbackT, rclcpp::CallbackGroup::SharedPtr, bool)[m[Kâ€™
  111 | [01;36m[KNode[m[K::create_wall_timer(
      | [01;36m[K^~~~[m[K
[01m[K/opt/ros/rolling/include/rclcpp/rclcpp/node_impl.hpp:111:1:[m[K [01;36m[Knote: [m[K  template argument deduction/substitution failed:
[01m[K/home/rubenb/uni/5_ano/1cuatri/sistemas_distribuidos/practicas/p4/Ruben_Bautista/ros_ws/src/sdc_p4/src/bully.cpp:83:7:[m[K [01;36m[Knote: [m[K  cannot convert â€˜[01m[Ktrue[m[Kâ€™ (type â€˜[01m[Kbool[m[Kâ€™) to type â€˜[01m[Krclcpp::CallbackGroup::SharedPtr[m[Kâ€™ {aka â€˜[01m[Kstd::shared_ptr<rclcpp::CallbackGroup>[m[Kâ€™}
   83 |       [01;36m[Ktrue[m[K);  // oneshot timer
      |       [01;36m[K^~~~[m[K
[01m[K/home/rubenb/uni/5_ano/1cuatri/sistemas_distribuidos/practicas/p4/Ruben_Bautista/ros_ws/src/sdc_p4/src/bully.cpp:[m[K In member function â€˜[01m[Kvoid sdc_p4::BullyNode::[01;32m[Khandle_election_start[m[K(std_msgs::msg::Int32_<std::allocator<void> >::SharedPtr)[m[Kâ€™:
[01m[K/home/rubenb/uni/5_ano/1cuatri/sistemas_distribuidos/practicas/p4/Ruben_Bautista/ros_ws/src/sdc_p4/src/bully.cpp:191:38:[m[K [01;31m[Kerror: [m[Kno matching function for call to â€˜[01m[Ksdc_p4::BullyNode::create_wall_timer(std::chrono::milliseconds, std::_Bind_helper<false, void (sdc_p4::BullyNode::*)(), sdc_p4::BullyNode*>::type, bool)[m[Kâ€™
  191 |   election_timer_ = [01;31m[Kcreate_wall_timer([m[K
      |                     [01;31m[K~~~~~~~~~~~~~~~~~^[m[K
  192 | [01;31m[K    std::chrono::milliseconds(ELECTION_DURATION),[m[K
      |     [01;31m[K~~~~~~~~~~~~~~~~~~~~~~~~~~~~~~~~~~~~~~~~~~~~~[m[K
  193 | [01;31m[K    std::bind(&BullyNode::election_timeout_callback, this),[m[K
      |     [01;31m[K~~~~~~~~~~~~~~~~~~~~~~~~~~~~~~~~~~~~~~~~~~~~~~~~~~~~~~~[m[K
  194 | [01;31m[K    true)[m[K;  // oneshot timer
      |     [01;31m[K~~~~~[m[K                             
[01m[K/opt/ros/rolling/include/rclcpp/rclcpp/node_impl.hpp:111:1:[m[K [01;36m[Knote: [m[Kcandidate: â€˜[01m[Ktemplate<class DurationRepT, class DurationT, class CallbackT> typename rclcpp::WallTimer<CallbackT>::SharedPtr rclcpp::Node::[01;32m[Kcreate_wall_timer[m[K(std::chrono::duration<_Rep1, _Period1>, CallbackT, rclcpp::CallbackGroup::SharedPtr, bool)[m[Kâ€™
  111 | [01;36m[KNode[m[K::create_wall_timer(
      | [01;36m[K^~~~[m[K
[01m[K/opt/ros/rolling/include/rclcpp/rclcpp/node_impl.hpp:111:1:[m[K [01;36m[Knote: [m[K  template argument deduction/substitution failed:
[01m[K/home/rubenb/uni/5_ano/1cuatri/sistemas_distribuidos/practicas/p4/Ruben_Bautista/ros_ws/src/sdc_p4/src/bully.cpp:194:5:[m[K [01;36m[Knote: [m[K  cannot convert â€˜[01m[Ktrue[m[Kâ€™ (type â€˜[01m[Kbool[m[Kâ€™) to type â€˜[01m[Krclcpp::CallbackGroup::SharedPtr[m[Kâ€™ {aka â€˜[01m[Kstd::shared_ptr<rclcpp::CallbackGroup>[m[Kâ€™}
  194 |     [01;36m[Ktrue[m[K);  // oneshot timer
      |     [01;36m[K^~~~[m[K
[01m[K/home/rubenb/uni/5_ano/1cuatri/sistemas_distribuidos/practicas/p4/Ruben_Bautista/ros_ws/src/sdc_p4/src/bully.cpp:[m[K In member function â€˜[01m[Kvoid sdc_p4::BullyNode::[01;32m[Kend_election[m[K()[m[Kâ€™:
[01m[K/home/rubenb/uni/5_ano/1cuatri/sistemas_distribuidos/practicas/p4/Ruben_Bautista/ros_ws/src/sdc_p4/src/bully.cpp:272:42:[m[K [01;31m[Kerror: [m[Kno matching function for call to â€˜[01m[Ksdc_p4::BullyNode::create_wall_timer(std::chrono::milliseconds, sdc_p4::BullyNode::end_election()::<lambda()>, bool)[m[Kâ€™
  272 |     auto backup_timer = [01;31m[Kcreate_wall_timer([m[K
      |                         [01;31m[K~~~~~~~~~~~~~~~~~^[m[K
  273 | [01;31m[K      std::chrono::milliseconds(ELECTION_DURATION + 1000),[m[K
      |       [01;31m[K~~~~~~~~~~~~~~~~~~~~~~~~~~~~~~~~~~~~~~~~~~~~~~~~~~~~[m[K
  274 | [01;31m[K      [this]() {[m[K
      |       [01;31m[K~~~~~~~~~~[m[K                          
  275 | [01;31m[K        if (current_state_ == NodeState::ELECTION) {[m[K
      |         [01;31m[K~~~~~~~~~~~~~~~~~~~~~~~~~~~~~~~~~~~~~~~~~~~~[m[K
  276 | [01;31m[K          RCLCPP_WARN(get_logger(), "[election] No leader announced, restarting election");[m[K
      |           [01;31m[K~~~~~~~~~~~~~~~~~~~~~~~~~~~~~~~~~~~~~~~~~~~~~~~~~~~~~~~~~~~~~~~~~~~~~~~~~~~~~~~~~[m[K
  277 | [01;31m[K          start_election();[m[K
      |           [01;31m[K~~~~~~~~~~~~~~~~~[m[K               
  278 | [01;31m[K        }[m[K
      |         [01;31m[K~[m[K                                 
  279 | [01;31m[K      },[m[K
      |       [01;31m[K~~[m[K                                  
  280 | [01;31m[K      true)[m[K;  // oneshot
      |       [01;31m[K~~~~~[m[K                               
[01m[K/opt/ros/rolling/include/rclcpp/rclcpp/node_impl.hpp:111:1:[m[K [01;36m[Knote: [m[Kcandidate: â€˜[01m[Ktemplate<class DurationRepT, class DurationT, class CallbackT> typename rclcpp::WallTimer<CallbackT>::SharedPtr rclcpp::Node::[01;32m[Kcreate_wall_timer[m[K(std::chrono::duration<_Rep1, _Period1>, CallbackT, rclcpp::CallbackGroup::SharedPtr, bool)[m[Kâ€™
  111 | [01;36m[KNode[m[K::create_wall_timer(
      | [01;36m[K^~~~[m[K
[01m[K/opt/ros/rolling/include/rclcpp/rclcpp/node_impl.hpp:111:1:[m[K [01;36m[Knote: [m[K  template argument deduction/substitution failed:
[01m[K/home/rubenb/uni/5_ano/1cuatri/sistemas_distribuidos/practicas/p4/Ruben_Bautista/ros_ws/src/sdc_p4/src/bully.cpp:280:7:[m[K [01;36m[Knote: [m[K  cannot convert â€˜[01m[Ktrue[m[Kâ€™ (type â€˜[01m[Kbool[m[Kâ€™) to type â€˜[01m[Krclcpp::CallbackGroup::SharedPtr[m[Kâ€™ {aka â€˜[01m[Kstd::shared_ptr<rclcpp::CallbackGroup>[m[Kâ€™}
  280 |       [01;36m[Ktrue[m[K);  // oneshot
      |       [01;36m[K^~~~[m[K
gmake[2]: *** [CMakeFiles/bully.dir/build.make:76: CMakeFiles/bully.dir/src/bully.cpp.o] Error 1
gmake[1]: *** [CMakeFiles/Makefile2:137: CMakeFiles/bully.dir/all] Error 2
gmake: *** [Makefile:146: all] Error 2
